{"/home/decoders/crud-app/src/App.tsx": {"path":"/home/decoders/crud-app/src/App.tsx","statementMap":{"0":{"start":{"line":12,"column":12},"end":{"line":27,"column":1}},"1":{"start":{"line":13,"column":2},"end":{"line":26,"column":4}}},"fnMap":{"0":{"name":"(anonymous_0)","decl":{"start":{"line":12,"column":12},"end":{"line":12,"column":13}},"loc":{"start":{"line":12,"column":18},"end":{"line":27,"column":1}},"line":12}},"branchMap":{},"s":{"0":1,"1":1},"f":{"0":1},"b":{},"_coverageSchema":"1a1c01bbd47fc00a2c39e90264f33305004495a9","hash":"67e6e61f8fe9930a3c28ebcadefbdfb7ee15c927"}
,"/home/decoders/crud-app/src/index.tsx": {"path":"/home/decoders/crud-app/src/index.tsx","statementMap":{"0":{"start":{"line":7,"column":0},"end":{"line":12,"column":2}},"1":{"start":{"line":17,"column":0},"end":{"line":17,"column":18}}},"fnMap":{},"branchMap":{},"s":{"0":0,"1":0},"f":{},"b":{}}
,"/home/decoders/crud-app/src/reportWebVitals.ts": {"path":"/home/decoders/crud-app/src/reportWebVitals.ts","statementMap":{"0":{"start":{"line":3,"column":24},"end":{"line":13,"column":1}},"1":{"start":{"line":4,"column":2},"end":{"line":12,"column":3}},"2":{"start":{"line":5,"column":4},"end":{"line":11,"column":7}},"3":{"start":{"line":6,"column":6},"end":{"line":6,"column":26}},"4":{"start":{"line":7,"column":6},"end":{"line":7,"column":26}},"5":{"start":{"line":8,"column":6},"end":{"line":8,"column":26}},"6":{"start":{"line":9,"column":6},"end":{"line":9,"column":26}},"7":{"start":{"line":10,"column":6},"end":{"line":10,"column":27}}},"fnMap":{"0":{"name":"(anonymous_0)","decl":{"start":{"line":3,"column":24},"end":{"line":3,"column":25}},"loc":{"start":{"line":3,"column":57},"end":{"line":13,"column":1}},"line":3},"1":{"name":"(anonymous_1)","decl":{"start":{"line":5,"column":30},"end":{"line":5,"column":31}},"loc":{"start":{"line":5,"column":79},"end":{"line":11,"column":5}},"line":5}},"branchMap":{"0":{"loc":{"start":{"line":4,"column":2},"end":{"line":12,"column":3}},"type":"if","locations":[{"start":{"line":4,"column":2},"end":{"line":12,"column":3}},{"start":{"line":4,"column":2},"end":{"line":12,"column":3}}],"line":4},"1":{"loc":{"start":{"line":4,"column":6},"end":{"line":4,"column":52}},"type":"binary-expr","locations":[{"start":{"line":4,"column":6},"end":{"line":4,"column":17}},{"start":{"line":4,"column":21},"end":{"line":4,"column":52}}],"line":4}},"s":{"0":0,"1":0,"2":0,"3":0,"4":0,"5":0,"6":0,"7":0},"f":{"0":0,"1":0},"b":{"0":[0,0],"1":[0,0]}}
,"/home/decoders/crud-app/src/Components/cardGame/cardGame.tsx": {"path":"/home/decoders/crud-app/src/Components/cardGame/cardGame.tsx","statementMap":{"0":{"start":{"line":10,"column":18},"end":{"line":23,"column":3}},"1":{"start":{"line":10,"column":46},"end":{"line":23,"column":1}},"2":{"start":{"line":24,"column":17},"end":{"line":34,"column":1}},"3":{"start":{"line":25,"column":20},"end":{"line":25,"column":31}},"4":{"start":{"line":26,"column":4},"end":{"line":33,"column":5}},"5":{"start":{"line":28,"column":69},"end":{"line":28,"column":124}}},"fnMap":{"0":{"name":"(anonymous_0)","decl":{"start":{"line":10,"column":29},"end":{"line":10,"column":30}},"loc":{"start":{"line":10,"column":46},"end":{"line":23,"column":1}},"line":10},"1":{"name":"(anonymous_1)","decl":{"start":{"line":24,"column":17},"end":{"line":24,"column":18}},"loc":{"start":{"line":24,"column":71},"end":{"line":34,"column":1}},"line":24},"2":{"name":"(anonymous_2)","decl":{"start":{"line":28,"column":65},"end":{"line":28,"column":66}},"loc":{"start":{"line":28,"column":69},"end":{"line":28,"column":124}},"line":28}},"branchMap":{},"s":{"0":0,"1":0,"2":0,"3":0,"4":0,"5":0},"f":{"0":0,"1":0,"2":0},"b":{}}
,"/home/decoders/crud-app/src/Components/cardsDemo/cardsDemo.tsx": {"path":"/home/decoders/crud-app/src/Components/cardsDemo/cardsDemo.tsx","statementMap":{"0":{"start":{"line":22,"column":18},"end":{"line":138,"column":1}},"1":{"start":{"line":23,"column":4},"end":{"line":23,"column":29}},"2":{"start":{"line":24,"column":20},"end":{"line":24,"column":31}},"3":{"start":{"line":36,"column":4},"end":{"line":137,"column":5}}},"fnMap":{"0":{"name":"(anonymous_0)","decl":{"start":{"line":22,"column":18},"end":{"line":22,"column":19}},"loc":{"start":{"line":22,"column":64},"end":{"line":138,"column":1}},"line":22}},"branchMap":{},"s":{"0":2,"1":1,"2":1,"3":1},"f":{"0":1},"b":{},"_coverageSchema":"1a1c01bbd47fc00a2c39e90264f33305004495a9","hash":"9f4c7f20cd7410098129fef07f70b5065ecce3c8"}
,"/home/decoders/crud-app/src/Components/cardsDemo/cardsDemoStyle.ts": {"path":"/home/decoders/crud-app/src/Components/cardsDemo/cardsDemoStyle.ts","statementMap":{"0":{"start":{"line":2,"column":25},"end":{"line":51,"column":3}},"1":{"start":{"line":2,"column":55},"end":{"line":51,"column":1}}},"fnMap":{"0":{"name":"(anonymous_0)","decl":{"start":{"line":2,"column":36},"end":{"line":2,"column":37}},"loc":{"start":{"line":2,"column":55},"end":{"line":51,"column":1}},"line":2}},"branchMap":{},"s":{"0":2,"1":1},"f":{"0":1},"b":{},"_coverageSchema":"1a1c01bbd47fc00a2c39e90264f33305004495a9","hash":"7f2b04f25bd25c91f43d0bd11a69b4e291b71508"}
,"/home/decoders/crud-app/src/Components/createTodo/createNewTodo.tsx": {"path":"/home/decoders/crud-app/src/Components/createTodo/createNewTodo.tsx","statementMap":{"0":{"start":{"line":9,"column":18},"end":{"line":57,"column":3}},"1":{"start":{"line":9,"column":48},"end":{"line":57,"column":1}},"2":{"start":{"line":62,"column":22},"end":{"line":150,"column":1}},"3":{"start":{"line":63,"column":4},"end":{"line":63,"column":27}},"4":{"start":{"line":65,"column":50},"end":{"line":65,"column":74}},"5":{"start":{"line":66,"column":20},"end":{"line":69,"column":5}},"6":{"start":{"line":71,"column":34},"end":{"line":75,"column":6}},"7":{"start":{"line":77,"column":26},"end":{"line":87,"column":5}},"8":{"start":{"line":78,"column":26},"end":{"line":78,"column":39}},"9":{"start":{"line":79,"column":22},"end":{"line":79,"column":36}},"10":{"start":{"line":81,"column":8},"end":{"line":86,"column":9}},"11":{"start":{"line":82,"column":25},"end":{"line":82,"column":41}},"12":{"start":{"line":83,"column":12},"end":{"line":83,"column":56}},"13":{"start":{"line":85,"column":12},"end":{"line":85,"column":58}},"14":{"start":{"line":88,"column":26},"end":{"line":95,"column":5}},"15":{"start":{"line":90,"column":8},"end":{"line":90,"column":25}},"16":{"start":{"line":91,"column":8},"end":{"line":91,"column":28}},"17":{"start":{"line":93,"column":8},"end":{"line":93,"column":32}},"18":{"start":{"line":94,"column":8},"end":{"line":94,"column":26}},"19":{"start":{"line":97,"column":20},"end":{"line":97,"column":31}},"20":{"start":{"line":98,"column":4},"end":{"line":100,"column":5}},"21":{"start":{"line":99,"column":8},"end":{"line":99,"column":34}},"22":{"start":{"line":101,"column":4},"end":{"line":148,"column":5}},"23":{"start":{"line":132,"column":55},"end":{"line":132,"column":71}},"24":{"start":{"line":152,"column":27},"end":{"line":156,"column":1}},"25":{"start":{"line":153,"column":4},"end":{"line":155,"column":5}},"26":{"start":{"line":154,"column":54},"end":{"line":154,"column":81}}},"fnMap":{"0":{"name":"(anonymous_0)","decl":{"start":{"line":9,"column":29},"end":{"line":9,"column":30}},"loc":{"start":{"line":9,"column":48},"end":{"line":57,"column":1}},"line":9},"1":{"name":"(anonymous_1)","decl":{"start":{"line":62,"column":22},"end":{"line":62,"column":23}},"loc":{"start":{"line":62,"column":47},"end":{"line":150,"column":1}},"line":62},"2":{"name":"(anonymous_2)","decl":{"start":{"line":77,"column":26},"end":{"line":77,"column":27}},"loc":{"start":{"line":77,"column":112},"end":{"line":87,"column":5}},"line":77},"3":{"name":"(anonymous_3)","decl":{"start":{"line":88,"column":26},"end":{"line":88,"column":27}},"loc":{"start":{"line":88,"column":87},"end":{"line":95,"column":5}},"line":88},"4":{"name":"(anonymous_4)","decl":{"start":{"line":132,"column":48},"end":{"line":132,"column":49}},"loc":{"start":{"line":132,"column":55},"end":{"line":132,"column":71}},"line":132},"5":{"name":"(anonymous_5)","decl":{"start":{"line":152,"column":27},"end":{"line":152,"column":28}},"loc":{"start":{"line":152,"column":46},"end":{"line":156,"column":1}},"line":152},"6":{"name":"(anonymous_6)","decl":{"start":{"line":154,"column":18},"end":{"line":154,"column":19}},"loc":{"start":{"line":154,"column":54},"end":{"line":154,"column":81}},"line":154}},"branchMap":{"0":{"loc":{"start":{"line":81,"column":8},"end":{"line":86,"column":9}},"type":"if","locations":[{"start":{"line":81,"column":8},"end":{"line":86,"column":9}},{"start":{"line":81,"column":8},"end":{"line":86,"column":9}}],"line":81},"1":{"loc":{"start":{"line":98,"column":4},"end":{"line":100,"column":5}},"type":"if","locations":[{"start":{"line":98,"column":4},"end":{"line":100,"column":5}},{"start":{"line":98,"column":4},"end":{"line":100,"column":5}}],"line":98}},"s":{"0":2,"1":6,"2":2,"3":8,"4":8,"5":8,"6":8,"7":8,"8":1,"9":1,"10":1,"11":0,"12":0,"13":1,"14":8,"15":2,"16":2,"17":2,"18":2,"19":8,"20":8,"21":1,"22":7,"23":1,"24":2,"25":6,"26":2},"f":{"0":6,"1":8,"2":1,"3":2,"4":1,"5":6,"6":2},"b":{"0":[0,1],"1":[1,7]},"_coverageSchema":"1a1c01bbd47fc00a2c39e90264f33305004495a9","hash":"54862e85ebc4bbd80bba36e3bcc11a6102f67a45"}
,"/home/decoders/crud-app/src/Components/createTodo/index.ts": {"path":"/home/decoders/crud-app/src/Components/createTodo/index.ts","statementMap":{},"fnMap":{},"branchMap":{},"s":{},"f":{},"b":{},"_coverageSchema":"1a1c01bbd47fc00a2c39e90264f33305004495a9","hash":"66f075888550a6dae376d780959a6ece2b959bc3"}
,"/home/decoders/crud-app/src/Components/formControls/index.ts": {"path":"/home/decoders/crud-app/src/Components/formControls/index.ts","statementMap":{"0":{"start":{"line":5,"column":29},"end":{"line":5,"column":58}}},"fnMap":{},"branchMap":{},"s":{"0":3},"f":{},"b":{},"_coverageSchema":"1a1c01bbd47fc00a2c39e90264f33305004495a9","hash":"4ddd6ae73b2ac10e47315f22d756f64605ffe6bc"}
,"/home/decoders/crud-app/src/Components/formControls/inputField.tsx": {"path":"/home/decoders/crud-app/src/Components/formControls/inputField.tsx","statementMap":{"0":{"start":{"line":13,"column":19},"end":{"line":25,"column":1}},"1":{"start":{"line":14,"column":4},"end":{"line":24,"column":5}}},"fnMap":{"0":{"name":"(anonymous_0)","decl":{"start":{"line":13,"column":19},"end":{"line":13,"column":20}},"loc":{"start":{"line":13,"column":72},"end":{"line":25,"column":1}},"line":13}},"branchMap":{},"s":{"0":3,"1":14},"f":{"0":14},"b":{},"_coverageSchema":"1a1c01bbd47fc00a2c39e90264f33305004495a9","hash":"be7174fca5efbfe5626bf96891d2186f0d566e35"}
,"/home/decoders/crud-app/src/Components/formControls/radioGroupField.tsx": {"path":"/home/decoders/crud-app/src/Components/formControls/radioGroupField.tsx","statementMap":{"0":{"start":{"line":17,"column":24},"end":{"line":35,"column":1}},"1":{"start":{"line":18,"column":4},"end":{"line":18,"column":24}},"2":{"start":{"line":19,"column":4},"end":{"line":33,"column":5}},"3":{"start":{"line":28,"column":24},"end":{"line":28,"column":125}}},"fnMap":{"0":{"name":"(anonymous_0)","decl":{"start":{"line":17,"column":24},"end":{"line":17,"column":25}},"loc":{"start":{"line":17,"column":78},"end":{"line":35,"column":1}},"line":17},"1":{"name":"(anonymous_1)","decl":{"start":{"line":27,"column":43},"end":{"line":27,"column":44}},"loc":{"start":{"line":28,"column":24},"end":{"line":28,"column":125}},"line":28}},"branchMap":{"0":{"loc":{"start":{"line":27,"column":20},"end":{"line":29,"column":22}},"type":"binary-expr","locations":[{"start":{"line":27,"column":20},"end":{"line":27,"column":27}},{"start":{"line":27,"column":31},"end":{"line":29,"column":22}}],"line":27}},"s":{"0":3,"1":7,"2":7,"3":14},"f":{"0":7,"1":14},"b":{"0":[7,7]},"_coverageSchema":"1a1c01bbd47fc00a2c39e90264f33305004495a9","hash":"dd49710d5c1028d5eab3b753bb47365f81cea5b9"}
,"/home/decoders/crud-app/src/Components/homePage/homepage.tsx": {"path":"/home/decoders/crud-app/src/Components/homePage/homepage.tsx","statementMap":{"0":{"start":{"line":5,"column":17},"end":{"line":16,"column":1}},"1":{"start":{"line":6,"column":4},"end":{"line":15,"column":5}}},"fnMap":{"0":{"name":"(anonymous_0)","decl":{"start":{"line":5,"column":17},"end":{"line":5,"column":18}},"loc":{"start":{"line":5,"column":36},"end":{"line":16,"column":1}},"line":5}},"branchMap":{},"s":{"0":2,"1":2},"f":{"0":2},"b":{},"_coverageSchema":"1a1c01bbd47fc00a2c39e90264f33305004495a9","hash":"a3827fe313cf19b0ceaa55c1638cf4b4461fa800"}
,"/home/decoders/crud-app/src/Components/homePage/index.js": {"path":"/home/decoders/crud-app/src/Components/homePage/index.js","statementMap":{},"fnMap":{},"branchMap":{},"s":{},"f":{},"b":{},"_coverageSchema":"1a1c01bbd47fc00a2c39e90264f33305004495a9","hash":"873ce8229068e7e875d601596486ef6517a5c61d"}
,"/home/decoders/crud-app/src/Components/loginCards/index.ts": {"path":"/home/decoders/crud-app/src/Components/loginCards/index.ts","statementMap":{},"fnMap":{},"branchMap":{},"s":{},"f":{},"b":{},"_coverageSchema":"1a1c01bbd47fc00a2c39e90264f33305004495a9","hash":"b8706443819acbe585a32f7ae94be3c54e10e80d"}
,"/home/decoders/crud-app/src/Components/loginCards/login.tsx": {"path":"/home/decoders/crud-app/src/Components/loginCards/login.tsx","statementMap":{"0":{"start":{"line":4,"column":14},"end":{"line":57,"column":1}},"1":{"start":{"line":11,"column":38},"end":{"line":11,"column":62}},"2":{"start":{"line":12,"column":38},"end":{"line":16,"column":6}},"3":{"start":{"line":18,"column":40},"end":{"line":21,"column":6}},"4":{"start":{"line":23,"column":26},"end":{"line":26,"column":5}},"5":{"start":{"line":24,"column":32},"end":{"line":24,"column":40}},"6":{"start":{"line":25,"column":8},"end":{"line":25,"column":55}},"7":{"start":{"line":27,"column":26},"end":{"line":36,"column":5}},"8":{"start":{"line":28,"column":8},"end":{"line":28,"column":26}},"9":{"start":{"line":29,"column":8},"end":{"line":29,"column":26}},"10":{"start":{"line":37,"column":4},"end":{"line":39,"column":5}},"11":{"start":{"line":38,"column":8},"end":{"line":38,"column":53}},"12":{"start":{"line":40,"column":4},"end":{"line":56,"column":5}},"13":{"start":{"line":42,"column":69},"end":{"line":42,"column":85}},"14":{"start":{"line":45,"column":154},"end":{"line":45,"column":170}},"15":{"start":{"line":49,"column":154},"end":{"line":49,"column":170}},"16":{"start":{"line":52,"column":89},"end":{"line":52,"column":105}}},"fnMap":{"0":{"name":"(anonymous_0)","decl":{"start":{"line":4,"column":14},"end":{"line":4,"column":15}},"loc":{"start":{"line":4,"column":20},"end":{"line":57,"column":1}},"line":4},"1":{"name":"(anonymous_1)","decl":{"start":{"line":23,"column":26},"end":{"line":23,"column":27}},"loc":{"start":{"line":23,"column":70},"end":{"line":26,"column":5}},"line":23},"2":{"name":"(anonymous_2)","decl":{"start":{"line":27,"column":26},"end":{"line":27,"column":27}},"loc":{"start":{"line":27,"column":87},"end":{"line":36,"column":5}},"line":27},"3":{"name":"(anonymous_3)","decl":{"start":{"line":42,"column":28},"end":{"line":42,"column":29}},"loc":{"start":{"line":42,"column":69},"end":{"line":42,"column":85}},"line":42},"4":{"name":"(anonymous_4)","decl":{"start":{"line":45,"column":112},"end":{"line":45,"column":113}},"loc":{"start":{"line":45,"column":154},"end":{"line":45,"column":170}},"line":45},"5":{"name":"(anonymous_5)","decl":{"start":{"line":49,"column":112},"end":{"line":49,"column":113}},"loc":{"start":{"line":49,"column":154},"end":{"line":49,"column":170}},"line":49},"6":{"name":"(anonymous_6)","decl":{"start":{"line":52,"column":48},"end":{"line":52,"column":49}},"loc":{"start":{"line":52,"column":89},"end":{"line":52,"column":105}},"line":52}},"branchMap":{"0":{"loc":{"start":{"line":37,"column":4},"end":{"line":39,"column":5}},"type":"if","locations":[{"start":{"line":37,"column":4},"end":{"line":39,"column":5}},{"start":{"line":37,"column":4},"end":{"line":39,"column":5}}],"line":37}},"s":{"0":1,"1":0,"2":0,"3":0,"4":0,"5":0,"6":0,"7":0,"8":0,"9":0,"10":0,"11":0,"12":0,"13":0,"14":0,"15":0,"16":0},"f":{"0":0,"1":0,"2":0,"3":0,"4":0,"5":0,"6":0},"b":{"0":[0,0]},"_coverageSchema":"1a1c01bbd47fc00a2c39e90264f33305004495a9","hash":"1fdc7a6440eecca8422b2e9fdfe99357b2e6f64f"}
,"/home/decoders/crud-app/src/Components/showSingleTodo/index.ts": {"path":"/home/decoders/crud-app/src/Components/showSingleTodo/index.ts","statementMap":{},"fnMap":{},"branchMap":{},"s":{},"f":{},"b":{},"_coverageSchema":"1a1c01bbd47fc00a2c39e90264f33305004495a9","hash":"101a9fb2dd52907b34ffc358fc9edac47c80b5b7"}
,"/home/decoders/crud-app/src/Components/showSingleTodo/showSingleTodo.tsx": {"path":"/home/decoders/crud-app/src/Components/showSingleTodo/showSingleTodo.tsx","statementMap":{"0":{"start":{"line":9,"column":18},"end":{"line":57,"column":3}},"1":{"start":{"line":9,"column":48},"end":{"line":57,"column":1}},"2":{"start":{"line":64,"column":23},"end":{"line":192,"column":1}},"3":{"start":{"line":66,"column":39},"end":{"line":66,"column":50}},"4":{"start":{"line":67,"column":4},"end":{"line":67,"column":30}},"5":{"start":{"line":68,"column":4},"end":{"line":68,"column":48}},"6":{"start":{"line":70,"column":33},"end":{"line":70,"column":47}},"7":{"start":{"line":72,"column":34},"end":{"line":72,"column":90}},"8":{"start":{"line":72,"column":65},"end":{"line":72,"column":89}},"9":{"start":{"line":73,"column":4},"end":{"line":73,"column":33}},"10":{"start":{"line":75,"column":48},"end":{"line":75,"column":72}},"11":{"start":{"line":76,"column":48},"end":{"line":81,"column":6}},"12":{"start":{"line":82,"column":20},"end":{"line":85,"column":5}},"13":{"start":{"line":87,"column":4},"end":{"line":89,"column":10}},"14":{"start":{"line":88,"column":8},"end":{"line":88,"column":43}},"15":{"start":{"line":91,"column":32},"end":{"line":101,"column":5}},"16":{"start":{"line":92,"column":26},"end":{"line":92,"column":39}},"17":{"start":{"line":93,"column":22},"end":{"line":93,"column":36}},"18":{"start":{"line":95,"column":8},"end":{"line":100,"column":9}},"19":{"start":{"line":96,"column":25},"end":{"line":96,"column":41}},"20":{"start":{"line":97,"column":12},"end":{"line":97,"column":70}},"21":{"start":{"line":99,"column":12},"end":{"line":99,"column":72}},"22":{"start":{"line":102,"column":32},"end":{"line":107,"column":5}},"23":{"start":{"line":103,"column":8},"end":{"line":103,"column":31}},"24":{"start":{"line":104,"column":8},"end":{"line":104,"column":48}},"25":{"start":{"line":105,"column":8},"end":{"line":105,"column":31}},"26":{"start":{"line":106,"column":8},"end":{"line":106,"column":26}},"27":{"start":{"line":109,"column":29},"end":{"line":113,"column":5}},"28":{"start":{"line":110,"column":8},"end":{"line":110,"column":32}},"29":{"start":{"line":111,"column":8},"end":{"line":111,"column":31}},"30":{"start":{"line":112,"column":8},"end":{"line":112,"column":33}},"31":{"start":{"line":115,"column":30},"end":{"line":117,"column":5}},"32":{"start":{"line":116,"column":8},"end":{"line":116,"column":31}},"33":{"start":{"line":119,"column":20},"end":{"line":119,"column":31}},"34":{"start":{"line":121,"column":4},"end":{"line":123,"column":5}},"35":{"start":{"line":122,"column":8},"end":{"line":122,"column":34}},"36":{"start":{"line":124,"column":4},"end":{"line":191,"column":5}},"37":{"start":{"line":142,"column":45},"end":{"line":142,"column":67}},"38":{"start":{"line":149,"column":45},"end":{"line":149,"column":67}},"39":{"start":{"line":156,"column":45},"end":{"line":156,"column":67}},"40":{"start":{"line":164,"column":49},"end":{"line":164,"column":71}},"41":{"start":{"line":193,"column":24},"end":{"line":197,"column":1}},"42":{"start":{"line":194,"column":4},"end":{"line":196,"column":5}},"43":{"start":{"line":198,"column":27},"end":{"line":203,"column":1}},"44":{"start":{"line":199,"column":4},"end":{"line":202,"column":5}},"45":{"start":{"line":200,"column":40},"end":{"line":200,"column":68}},"46":{"start":{"line":201,"column":73},"end":{"line":201,"column":111}}},"fnMap":{"0":{"name":"(anonymous_0)","decl":{"start":{"line":9,"column":29},"end":{"line":9,"column":30}},"loc":{"start":{"line":9,"column":48},"end":{"line":57,"column":1}},"line":9},"1":{"name":"(anonymous_1)","decl":{"start":{"line":64,"column":23},"end":{"line":64,"column":24}},"loc":{"start":{"line":64,"column":86},"end":{"line":192,"column":1}},"line":64},"2":{"name":"(anonymous_2)","decl":{"start":{"line":72,"column":55},"end":{"line":72,"column":56}},"loc":{"start":{"line":72,"column":65},"end":{"line":72,"column":89}},"line":72},"3":{"name":"(anonymous_3)","decl":{"start":{"line":87,"column":14},"end":{"line":87,"column":15}},"loc":{"start":{"line":87,"column":20},"end":{"line":89,"column":5}},"line":87},"4":{"name":"(anonymous_4)","decl":{"start":{"line":91,"column":32},"end":{"line":91,"column":33}},"loc":{"start":{"line":91,"column":96},"end":{"line":101,"column":5}},"line":91},"5":{"name":"(anonymous_5)","decl":{"start":{"line":102,"column":32},"end":{"line":102,"column":33}},"loc":{"start":{"line":102,"column":93},"end":{"line":107,"column":5}},"line":102},"6":{"name":"(anonymous_6)","decl":{"start":{"line":109,"column":29},"end":{"line":109,"column":30}},"loc":{"start":{"line":109,"column":35},"end":{"line":113,"column":5}},"line":109},"7":{"name":"(anonymous_7)","decl":{"start":{"line":115,"column":30},"end":{"line":115,"column":31}},"loc":{"start":{"line":115,"column":36},"end":{"line":117,"column":5}},"line":115},"8":{"name":"(anonymous_8)","decl":{"start":{"line":142,"column":38},"end":{"line":142,"column":39}},"loc":{"start":{"line":142,"column":45},"end":{"line":142,"column":67}},"line":142},"9":{"name":"(anonymous_9)","decl":{"start":{"line":149,"column":38},"end":{"line":149,"column":39}},"loc":{"start":{"line":149,"column":45},"end":{"line":149,"column":67}},"line":149},"10":{"name":"(anonymous_10)","decl":{"start":{"line":156,"column":38},"end":{"line":156,"column":39}},"loc":{"start":{"line":156,"column":45},"end":{"line":156,"column":67}},"line":156},"11":{"name":"(anonymous_11)","decl":{"start":{"line":164,"column":42},"end":{"line":164,"column":43}},"loc":{"start":{"line":164,"column":49},"end":{"line":164,"column":71}},"line":164},"12":{"name":"(anonymous_12)","decl":{"start":{"line":193,"column":24},"end":{"line":193,"column":25}},"loc":{"start":{"line":193,"column":40},"end":{"line":197,"column":1}},"line":193},"13":{"name":"(anonymous_13)","decl":{"start":{"line":198,"column":27},"end":{"line":198,"column":28}},"loc":{"start":{"line":198,"column":46},"end":{"line":203,"column":1}},"line":198},"14":{"name":"(anonymous_14)","decl":{"start":{"line":200,"column":20},"end":{"line":200,"column":21}},"loc":{"start":{"line":200,"column":40},"end":{"line":200,"column":68}},"line":200},"15":{"name":"(anonymous_15)","decl":{"start":{"line":201,"column":20},"end":{"line":201,"column":21}},"loc":{"start":{"line":201,"column":73},"end":{"line":201,"column":111}},"line":201}},"branchMap":{"0":{"loc":{"start":{"line":95,"column":8},"end":{"line":100,"column":9}},"type":"if","locations":[{"start":{"line":95,"column":8},"end":{"line":100,"column":9}},{"start":{"line":95,"column":8},"end":{"line":100,"column":9}}],"line":95},"1":{"loc":{"start":{"line":121,"column":4},"end":{"line":123,"column":5}},"type":"if","locations":[{"start":{"line":121,"column":4},"end":{"line":123,"column":5}},{"start":{"line":121,"column":4},"end":{"line":123,"column":5}}],"line":121},"2":{"loc":{"start":{"line":121,"column":8},"end":{"line":121,"column":56}},"type":"binary-expr","locations":[{"start":{"line":121,"column":8},"end":{"line":121,"column":22}},{"start":{"line":121,"column":26},"end":{"line":121,"column":56}}],"line":121}},"s":{"0":2,"1":2,"2":2,"3":4,"4":4,"5":4,"6":4,"7":4,"8":0,"9":4,"10":4,"11":4,"12":4,"13":4,"14":2,"15":4,"16":0,"17":0,"18":0,"19":0,"20":0,"21":0,"22":4,"23":0,"24":0,"25":0,"26":0,"27":4,"28":0,"29":0,"30":0,"31":4,"32":0,"33":4,"34":4,"35":4,"36":0,"37":0,"38":0,"39":0,"40":0,"41":2,"42":2,"43":2,"44":2,"45":0,"46":0},"f":{"0":2,"1":4,"2":0,"3":2,"4":0,"5":0,"6":0,"7":0,"8":0,"9":0,"10":0,"11":0,"12":2,"13":2,"14":0,"15":0},"b":{"0":[0,0],"1":[4,0],"2":[4,4]},"_coverageSchema":"1a1c01bbd47fc00a2c39e90264f33305004495a9","hash":"bd7bfe537c5ce8394b4f126f41eb4e985d846cb9"}
,"/home/decoders/crud-app/src/Components/todoList/index.ts": {"path":"/home/decoders/crud-app/src/Components/todoList/index.ts","statementMap":{},"fnMap":{},"branchMap":{},"s":{},"f":{},"b":{},"_coverageSchema":"1a1c01bbd47fc00a2c39e90264f33305004495a9","hash":"2db5fd9370ea4043b7410264cf2d3480273d114c"}
,"/home/decoders/crud-app/src/Components/todoList/todoList.tsx": {"path":"/home/decoders/crud-app/src/Components/todoList/todoList.tsx","statementMap":{"0":{"start":{"line":9,"column":18},"end":{"line":55,"column":3}},"1":{"start":{"line":9,"column":48},"end":{"line":55,"column":1}},"2":{"start":{"line":63,"column":18},"end":{"line":129,"column":1}},"3":{"start":{"line":64,"column":4},"end":{"line":64,"column":28}},"4":{"start":{"line":65,"column":4},"end":{"line":65,"column":26}},"5":{"start":{"line":67,"column":48},"end":{"line":67,"column":72}},"6":{"start":{"line":68,"column":20},"end":{"line":68,"column":32}},"7":{"start":{"line":71,"column":4},"end":{"line":73,"column":10}},"8":{"start":{"line":72,"column":8},"end":{"line":72,"column":19}},"9":{"start":{"line":76,"column":23},"end":{"line":80,"column":5}},"10":{"start":{"line":77,"column":8},"end":{"line":77,"column":80}},"11":{"start":{"line":78,"column":8},"end":{"line":78,"column":37}},"12":{"start":{"line":79,"column":8},"end":{"line":79,"column":31}},"13":{"start":{"line":82,"column":20},"end":{"line":82,"column":31}},"14":{"start":{"line":83,"column":4},"end":{"line":87,"column":5}},"15":{"start":{"line":84,"column":8},"end":{"line":86,"column":9}},"16":{"start":{"line":88,"column":4},"end":{"line":127,"column":5}},"17":{"start":{"line":114,"column":56},"end":{"line":119,"column":67}},"18":{"start":{"line":114,"column":95},"end":{"line":114,"column":114}},"19":{"start":{"line":131,"column":24},"end":{"line":135,"column":1}},"20":{"start":{"line":132,"column":4},"end":{"line":134,"column":5}},"21":{"start":{"line":138,"column":27},"end":{"line":142,"column":1}},"22":{"start":{"line":139,"column":4},"end":{"line":141,"column":5}},"23":{"start":{"line":140,"column":25},"end":{"line":140,"column":46}}},"fnMap":{"0":{"name":"(anonymous_0)","decl":{"start":{"line":9,"column":29},"end":{"line":9,"column":30}},"loc":{"start":{"line":9,"column":48},"end":{"line":55,"column":1}},"line":9},"1":{"name":"(anonymous_1)","decl":{"start":{"line":63,"column":18},"end":{"line":63,"column":19}},"loc":{"start":{"line":63,"column":55},"end":{"line":129,"column":1}},"line":63},"2":{"name":"(anonymous_2)","decl":{"start":{"line":71,"column":14},"end":{"line":71,"column":15}},"loc":{"start":{"line":71,"column":20},"end":{"line":73,"column":5}},"line":71},"3":{"name":"(anonymous_3)","decl":{"start":{"line":76,"column":23},"end":{"line":76,"column":24}},"loc":{"start":{"line":76,"column":55},"end":{"line":80,"column":5}},"line":76},"4":{"name":"(anonymous_4)","decl":{"start":{"line":113,"column":52},"end":{"line":113,"column":53}},"loc":{"start":{"line":114,"column":56},"end":{"line":119,"column":67}},"line":114},"5":{"name":"(anonymous_5)","decl":{"start":{"line":114,"column":89},"end":{"line":114,"column":90}},"loc":{"start":{"line":114,"column":95},"end":{"line":114,"column":114}},"line":114},"6":{"name":"(anonymous_6)","decl":{"start":{"line":131,"column":24},"end":{"line":131,"column":25}},"loc":{"start":{"line":131,"column":40},"end":{"line":135,"column":1}},"line":131},"7":{"name":"(anonymous_7)","decl":{"start":{"line":138,"column":27},"end":{"line":138,"column":28}},"loc":{"start":{"line":138,"column":46},"end":{"line":142,"column":1}},"line":138},"8":{"name":"(anonymous_8)","decl":{"start":{"line":140,"column":19},"end":{"line":140,"column":20}},"loc":{"start":{"line":140,"column":25},"end":{"line":140,"column":46}},"line":140}},"branchMap":{"0":{"loc":{"start":{"line":77,"column":8},"end":{"line":77,"column":79}},"type":"binary-expr","locations":[{"start":{"line":77,"column":8},"end":{"line":77,"column":14}},{"start":{"line":77,"column":18},"end":{"line":77,"column":79}}],"line":77},"1":{"loc":{"start":{"line":83,"column":4},"end":{"line":87,"column":5}},"type":"if","locations":[{"start":{"line":83,"column":4},"end":{"line":87,"column":5}},{"start":{"line":83,"column":4},"end":{"line":87,"column":5}}],"line":83},"2":{"loc":{"start":{"line":98,"column":20},"end":{"line":123,"column":29}},"type":"cond-expr","locations":[{"start":{"line":98,"column":41},"end":{"line":98,"column":59}},{"start":{"line":99,"column":24},"end":{"line":123,"column":29}}],"line":98},"3":{"loc":{"start":{"line":99,"column":24},"end":{"line":123,"column":29}},"type":"cond-expr","locations":[{"start":{"line":99,"column":43},"end":{"line":99,"column":71}},{"start":{"line":101,"column":36},"end":{"line":122,"column":44}}],"line":99},"4":{"loc":{"start":{"line":112,"column":48},"end":{"line":119,"column":68}},"type":"binary-expr","locations":[{"start":{"line":112,"column":48},"end":{"line":112,"column":57}},{"start":{"line":112,"column":61},"end":{"line":119,"column":68}}],"line":112}},"s":{"0":3,"1":5,"2":3,"3":9,"4":9,"5":9,"6":9,"7":9,"8":5,"9":9,"10":0,"11":0,"12":0,"13":9,"14":9,"15":0,"16":9,"17":0,"18":0,"19":3,"20":10,"21":3,"22":5,"23":5},"f":{"0":5,"1":9,"2":5,"3":0,"4":0,"5":0,"6":10,"7":5,"8":5},"b":{"0":[0,0],"1":[0,9],"2":[9,0],"3":[0,0],"4":[0,0]},"_coverageSchema":"1a1c01bbd47fc00a2c39e90264f33305004495a9","hash":"da2d16997c38bb7184e793a8fc2c61ca84c93d50"}
,"/home/decoders/crud-app/src/Components/todoList/todoList1.tsx": {"path":"/home/decoders/crud-app/src/Components/todoList/todoList1.tsx","statementMap":{"0":{"start":{"line":16,"column":18},"end":{"line":263,"column":1}},"1":{"start":{"line":21,"column":36},"end":{"line":21,"column":60}},"2":{"start":{"line":22,"column":56},"end":{"line":22,"column":79}},"3":{"start":{"line":23,"column":48},"end":{"line":23,"column":72}},"4":{"start":{"line":24,"column":44},"end":{"line":24,"column":83}},"5":{"start":{"line":25,"column":20},"end":{"line":25,"column":32}},"6":{"start":{"line":27,"column":40},"end":{"line":27,"column":64}},"7":{"start":{"line":28,"column":34},"end":{"line":32,"column":6}},"8":{"start":{"line":33,"column":48},"end":{"line":38,"column":6}},"9":{"start":{"line":40,"column":4},"end":{"line":43,"column":10}},"10":{"start":{"line":41,"column":8},"end":{"line":41,"column":19}},"11":{"start":{"line":42,"column":8},"end":{"line":42,"column":30}},"12":{"start":{"line":45,"column":26},"end":{"line":55,"column":5}},"13":{"start":{"line":46,"column":26},"end":{"line":46,"column":39}},"14":{"start":{"line":47,"column":22},"end":{"line":47,"column":36}},"15":{"start":{"line":49,"column":8},"end":{"line":54,"column":9}},"16":{"start":{"line":50,"column":25},"end":{"line":50,"column":41}},"17":{"start":{"line":51,"column":12},"end":{"line":51,"column":56}},"18":{"start":{"line":53,"column":12},"end":{"line":53,"column":58}},"19":{"start":{"line":56,"column":26},"end":{"line":72,"column":5}},"20":{"start":{"line":66,"column":8},"end":{"line":66,"column":25}},"21":{"start":{"line":67,"column":8},"end":{"line":67,"column":28}},"22":{"start":{"line":68,"column":8},"end":{"line":68,"column":35}},"23":{"start":{"line":69,"column":8},"end":{"line":69,"column":26}},"24":{"start":{"line":70,"column":8},"end":{"line":70,"column":31}},"25":{"start":{"line":71,"column":8},"end":{"line":71,"column":26}},"26":{"start":{"line":74,"column":32},"end":{"line":84,"column":5}},"27":{"start":{"line":75,"column":26},"end":{"line":75,"column":39}},"28":{"start":{"line":76,"column":22},"end":{"line":76,"column":36}},"29":{"start":{"line":78,"column":8},"end":{"line":83,"column":9}},"30":{"start":{"line":79,"column":25},"end":{"line":79,"column":41}},"31":{"start":{"line":80,"column":12},"end":{"line":80,"column":70}},"32":{"start":{"line":82,"column":12},"end":{"line":82,"column":72}},"33":{"start":{"line":85,"column":32},"end":{"line":90,"column":5}},"34":{"start":{"line":86,"column":8},"end":{"line":86,"column":31}},"35":{"start":{"line":87,"column":8},"end":{"line":87,"column":53}},"36":{"start":{"line":88,"column":8},"end":{"line":88,"column":28}},"37":{"start":{"line":89,"column":8},"end":{"line":89,"column":26}},"38":{"start":{"line":91,"column":29},"end":{"line":106,"column":5}},"39":{"start":{"line":93,"column":38},"end":{"line":93,"column":82}},"40":{"start":{"line":93,"column":67},"end":{"line":93,"column":81}},"41":{"start":{"line":100,"column":8},"end":{"line":100,"column":43}},"42":{"start":{"line":101,"column":8},"end":{"line":101,"column":23}},"43":{"start":{"line":102,"column":8},"end":{"line":102,"column":37}},"44":{"start":{"line":103,"column":8},"end":{"line":103,"column":27}},"45":{"start":{"line":104,"column":8},"end":{"line":104,"column":26}},"46":{"start":{"line":105,"column":8},"end":{"line":105,"column":35}},"47":{"start":{"line":108,"column":29},"end":{"line":122,"column":5}},"48":{"start":{"line":119,"column":8},"end":{"line":119,"column":22}},"49":{"start":{"line":120,"column":8},"end":{"line":120,"column":35}},"50":{"start":{"line":121,"column":8},"end":{"line":121,"column":23}},"51":{"start":{"line":123,"column":35},"end":{"line":126,"column":5}},"52":{"start":{"line":124,"column":8},"end":{"line":124,"column":28}},"53":{"start":{"line":125,"column":8},"end":{"line":125,"column":35}},"54":{"start":{"line":128,"column":36},"end":{"line":132,"column":5}},"55":{"start":{"line":129,"column":8},"end":{"line":129,"column":25}},"56":{"start":{"line":130,"column":8},"end":{"line":130,"column":28}},"57":{"start":{"line":131,"column":8},"end":{"line":131,"column":36}},"58":{"start":{"line":134,"column":37},"end":{"line":137,"column":5}},"59":{"start":{"line":135,"column":8},"end":{"line":135,"column":26}},"60":{"start":{"line":136,"column":8},"end":{"line":136,"column":35}},"61":{"start":{"line":139,"column":23},"end":{"line":144,"column":5}},"62":{"start":{"line":140,"column":8},"end":{"line":140,"column":78}},"63":{"start":{"line":141,"column":8},"end":{"line":141,"column":36}},"64":{"start":{"line":142,"column":8},"end":{"line":142,"column":31}},"65":{"start":{"line":143,"column":8},"end":{"line":143,"column":31}},"66":{"start":{"line":146,"column":4},"end":{"line":150,"column":5}},"67":{"start":{"line":147,"column":8},"end":{"line":149,"column":17}},"68":{"start":{"line":152,"column":4},"end":{"line":261,"column":5}},"69":{"start":{"line":243,"column":52},"end":{"line":252,"column":57}},"70":{"start":{"line":243,"column":83},"end":{"line":243,"column":102}},"71":{"start":{"line":265,"column":24},"end":{"line":269,"column":1}},"72":{"start":{"line":266,"column":4},"end":{"line":268,"column":5}},"73":{"start":{"line":272,"column":27},"end":{"line":279,"column":1}},"74":{"start":{"line":273,"column":4},"end":{"line":278,"column":5}},"75":{"start":{"line":274,"column":25},"end":{"line":274,"column":46}},"76":{"start":{"line":275,"column":54},"end":{"line":275,"column":81}},"77":{"start":{"line":276,"column":40},"end":{"line":276,"column":68}},"78":{"start":{"line":277,"column":73},"end":{"line":277,"column":111}}},"fnMap":{"0":{"name":"(anonymous_0)","decl":{"start":{"line":16,"column":18},"end":{"line":16,"column":19}},"loc":{"start":{"line":16,"column":89},"end":{"line":263,"column":1}},"line":16},"1":{"name":"(anonymous_1)","decl":{"start":{"line":40,"column":14},"end":{"line":40,"column":15}},"loc":{"start":{"line":40,"column":20},"end":{"line":43,"column":5}},"line":40},"2":{"name":"(anonymous_2)","decl":{"start":{"line":45,"column":26},"end":{"line":45,"column":27}},"loc":{"start":{"line":45,"column":90},"end":{"line":55,"column":5}},"line":45},"3":{"name":"(anonymous_3)","decl":{"start":{"line":56,"column":26},"end":{"line":56,"column":27}},"loc":{"start":{"line":56,"column":87},"end":{"line":72,"column":5}},"line":56},"4":{"name":"(anonymous_4)","decl":{"start":{"line":74,"column":32},"end":{"line":74,"column":33}},"loc":{"start":{"line":74,"column":96},"end":{"line":84,"column":5}},"line":74},"5":{"name":"(anonymous_5)","decl":{"start":{"line":85,"column":32},"end":{"line":85,"column":33}},"loc":{"start":{"line":85,"column":93},"end":{"line":90,"column":5}},"line":85},"6":{"name":"(anonymous_6)","decl":{"start":{"line":91,"column":29},"end":{"line":91,"column":30}},"loc":{"start":{"line":91,"column":57},"end":{"line":106,"column":5}},"line":91},"7":{"name":"(anonymous_7)","decl":{"start":{"line":93,"column":59},"end":{"line":93,"column":60}},"loc":{"start":{"line":93,"column":67},"end":{"line":93,"column":81}},"line":93},"8":{"name":"(anonymous_8)","decl":{"start":{"line":108,"column":29},"end":{"line":108,"column":30}},"loc":{"start":{"line":108,"column":57},"end":{"line":122,"column":5}},"line":108},"9":{"name":"(anonymous_9)","decl":{"start":{"line":123,"column":35},"end":{"line":123,"column":36}},"loc":{"start":{"line":123,"column":41},"end":{"line":126,"column":5}},"line":123},"10":{"name":"(anonymous_10)","decl":{"start":{"line":128,"column":36},"end":{"line":128,"column":37}},"loc":{"start":{"line":128,"column":42},"end":{"line":132,"column":5}},"line":128},"11":{"name":"(anonymous_11)","decl":{"start":{"line":134,"column":37},"end":{"line":134,"column":38}},"loc":{"start":{"line":134,"column":43},"end":{"line":137,"column":5}},"line":134},"12":{"name":"(anonymous_12)","decl":{"start":{"line":139,"column":23},"end":{"line":139,"column":24}},"loc":{"start":{"line":139,"column":55},"end":{"line":144,"column":5}},"line":139},"13":{"name":"(anonymous_13)","decl":{"start":{"line":242,"column":48},"end":{"line":242,"column":49}},"loc":{"start":{"line":243,"column":52},"end":{"line":252,"column":57}},"line":243},"14":{"name":"(anonymous_14)","decl":{"start":{"line":243,"column":79},"end":{"line":243,"column":80}},"loc":{"start":{"line":243,"column":83},"end":{"line":243,"column":102}},"line":243},"15":{"name":"(anonymous_15)","decl":{"start":{"line":265,"column":24},"end":{"line":265,"column":25}},"loc":{"start":{"line":265,"column":63},"end":{"line":269,"column":1}},"line":265},"16":{"name":"(anonymous_16)","decl":{"start":{"line":272,"column":27},"end":{"line":272,"column":28}},"loc":{"start":{"line":272,"column":46},"end":{"line":279,"column":1}},"line":272},"17":{"name":"(anonymous_17)","decl":{"start":{"line":274,"column":19},"end":{"line":274,"column":20}},"loc":{"start":{"line":274,"column":25},"end":{"line":274,"column":46}},"line":274},"18":{"name":"(anonymous_18)","decl":{"start":{"line":275,"column":18},"end":{"line":275,"column":19}},"loc":{"start":{"line":275,"column":54},"end":{"line":275,"column":81}},"line":275},"19":{"name":"(anonymous_19)","decl":{"start":{"line":276,"column":20},"end":{"line":276,"column":21}},"loc":{"start":{"line":276,"column":40},"end":{"line":276,"column":68}},"line":276},"20":{"name":"(anonymous_20)","decl":{"start":{"line":277,"column":20},"end":{"line":277,"column":21}},"loc":{"start":{"line":277,"column":73},"end":{"line":277,"column":111}},"line":277}},"branchMap":{"0":{"loc":{"start":{"line":49,"column":8},"end":{"line":54,"column":9}},"type":"if","locations":[{"start":{"line":49,"column":8},"end":{"line":54,"column":9}},{"start":{"line":49,"column":8},"end":{"line":54,"column":9}}],"line":49},"1":{"loc":{"start":{"line":78,"column":8},"end":{"line":83,"column":9}},"type":"if","locations":[{"start":{"line":78,"column":8},"end":{"line":83,"column":9}},{"start":{"line":78,"column":8},"end":{"line":83,"column":9}}],"line":78},"2":{"loc":{"start":{"line":140,"column":8},"end":{"line":140,"column":77}},"type":"binary-expr","locations":[{"start":{"line":140,"column":8},"end":{"line":140,"column":14}},{"start":{"line":140,"column":18},"end":{"line":140,"column":77}}],"line":140},"3":{"loc":{"start":{"line":146,"column":4},"end":{"line":150,"column":5}},"type":"if","locations":[{"start":{"line":146,"column":4},"end":{"line":150,"column":5}},{"start":{"line":146,"column":4},"end":{"line":150,"column":5}}],"line":146},"4":{"loc":{"start":{"line":159,"column":16},"end":{"line":160,"column":101}},"type":"binary-expr","locations":[{"start":{"line":159,"column":16},"end":{"line":159,"column":34}},{"start":{"line":160,"column":17},"end":{"line":160,"column":100}}],"line":159},"5":{"loc":{"start":{"line":227,"column":16},"end":{"line":257,"column":25}},"type":"cond-expr","locations":[{"start":{"line":227,"column":37},"end":{"line":227,"column":55}},{"start":{"line":228,"column":20},"end":{"line":257,"column":25}}],"line":227},"6":{"loc":{"start":{"line":228,"column":20},"end":{"line":257,"column":25}},"type":"cond-expr","locations":[{"start":{"line":228,"column":39},"end":{"line":228,"column":67}},{"start":{"line":230,"column":28},"end":{"line":256,"column":34}}],"line":228},"7":{"loc":{"start":{"line":241,"column":44},"end":{"line":252,"column":58}},"type":"binary-expr","locations":[{"start":{"line":241,"column":44},"end":{"line":241,"column":53}},{"start":{"line":241,"column":57},"end":{"line":252,"column":58}}],"line":241}},"s":{"0":0,"1":0,"2":0,"3":0,"4":0,"5":0,"6":0,"7":0,"8":0,"9":0,"10":0,"11":0,"12":0,"13":0,"14":0,"15":0,"16":0,"17":0,"18":0,"19":0,"20":0,"21":0,"22":0,"23":0,"24":0,"25":0,"26":0,"27":0,"28":0,"29":0,"30":0,"31":0,"32":0,"33":0,"34":0,"35":0,"36":0,"37":0,"38":0,"39":0,"40":0,"41":0,"42":0,"43":0,"44":0,"45":0,"46":0,"47":0,"48":0,"49":0,"50":0,"51":0,"52":0,"53":0,"54":0,"55":0,"56":0,"57":0,"58":0,"59":0,"60":0,"61":0,"62":0,"63":0,"64":0,"65":0,"66":0,"67":0,"68":0,"69":0,"70":0,"71":0,"72":0,"73":0,"74":0,"75":0,"76":0,"77":0,"78":0},"f":{"0":0,"1":0,"2":0,"3":0,"4":0,"5":0,"6":0,"7":0,"8":0,"9":0,"10":0,"11":0,"12":0,"13":0,"14":0,"15":0,"16":0,"17":0,"18":0,"19":0,"20":0},"b":{"0":[0,0],"1":[0,0],"2":[0,0],"3":[0,0],"4":[0,0],"5":[0,0],"6":[0,0],"7":[0,0]}}
,"/home/decoders/crud-app/src/Components/youtubeIds/youtubeIds.ts": {"path":"/home/decoders/crud-app/src/Components/youtubeIds/youtubeIds.ts","statementMap":{"0":{"start":{"line":1,"column":24},"end":{"line":1,"column":77}},"1":{"start":{"line":2,"column":22},"end":{"line":2,"column":63}},"2":{"start":{"line":3,"column":27},"end":{"line":3,"column":63}}},"fnMap":{},"branchMap":{},"s":{"0":7,"1":7,"2":7},"f":{},"b":{},"_coverageSchema":"1a1c01bbd47fc00a2c39e90264f33305004495a9","hash":"7679195f069a3088ee58ca12296d3baa764a6192"}
,"/home/decoders/crud-app/src/Components/youtubeList/youtubeList.tsx": {"path":"/home/decoders/crud-app/src/Components/youtubeList/youtubeList.tsx","statementMap":{"0":{"start":{"line":9,"column":18},"end":{"line":41,"column":3}},"1":{"start":{"line":9,"column":48},"end":{"line":41,"column":1}},"2":{"start":{"line":48,"column":20},"end":{"line":155,"column":1}},"3":{"start":{"line":49,"column":4},"end":{"line":49,"column":41}},"4":{"start":{"line":51,"column":46},"end":{"line":51,"column":102}},"5":{"start":{"line":52,"column":42},"end":{"line":52,"column":81}},"6":{"start":{"line":53,"column":40},"end":{"line":53,"column":59}},"7":{"start":{"line":54,"column":42},"end":{"line":54,"column":61}},"8":{"start":{"line":55,"column":42},"end":{"line":55,"column":65}},"9":{"start":{"line":60,"column":4},"end":{"line":64,"column":10}},"10":{"start":{"line":61,"column":8},"end":{"line":61,"column":40}},"11":{"start":{"line":63,"column":8},"end":{"line":63,"column":65}},"12":{"start":{"line":73,"column":4},"end":{"line":73,"column":44}},"13":{"start":{"line":74,"column":27},"end":{"line":77,"column":5}},"14":{"start":{"line":75,"column":8},"end":{"line":75,"column":28}},"15":{"start":{"line":76,"column":8},"end":{"line":76,"column":31}},"16":{"start":{"line":78,"column":28},"end":{"line":85,"column":5}},"17":{"start":{"line":79,"column":8},"end":{"line":84,"column":9}},"18":{"start":{"line":80,"column":12},"end":{"line":80,"column":56}},"19":{"start":{"line":81,"column":12},"end":{"line":81,"column":41}},"20":{"start":{"line":83,"column":12},"end":{"line":83,"column":33}},"21":{"start":{"line":86,"column":22},"end":{"line":96,"column":5}},"22":{"start":{"line":87,"column":8},"end":{"line":94,"column":9}},"23":{"start":{"line":89,"column":12},"end":{"line":89,"column":57}},"24":{"start":{"line":90,"column":12},"end":{"line":90,"column":47}},"25":{"start":{"line":92,"column":12},"end":{"line":92,"column":33}},"26":{"start":{"line":93,"column":12},"end":{"line":93,"column":19}},"27":{"start":{"line":97,"column":4},"end":{"line":97,"column":93}},"28":{"start":{"line":98,"column":4},"end":{"line":98,"column":61}},"29":{"start":{"line":99,"column":20},"end":{"line":99,"column":31}},"30":{"start":{"line":100,"column":4},"end":{"line":154,"column":5}},"31":{"start":{"line":118,"column":32},"end":{"line":127,"column":38}},"32":{"start":{"line":118,"column":100},"end":{"line":118,"column":147}},"33":{"start":{"line":157,"column":17},"end":{"line":161,"column":1}},"34":{"start":{"line":158,"column":4},"end":{"line":160,"column":5}},"35":{"start":{"line":162,"column":20},"end":{"line":166,"column":1}},"36":{"start":{"line":163,"column":4},"end":{"line":165,"column":5}},"37":{"start":{"line":164,"column":54},"end":{"line":164,"column":96}}},"fnMap":{"0":{"name":"(anonymous_0)","decl":{"start":{"line":9,"column":29},"end":{"line":9,"column":30}},"loc":{"start":{"line":9,"column":48},"end":{"line":41,"column":1}},"line":9},"1":{"name":"(anonymous_1)","decl":{"start":{"line":48,"column":20},"end":{"line":48,"column":21}},"loc":{"start":{"line":48,"column":68},"end":{"line":155,"column":1}},"line":48},"2":{"name":"(anonymous_2)","decl":{"start":{"line":60,"column":14},"end":{"line":60,"column":15}},"loc":{"start":{"line":60,"column":20},"end":{"line":64,"column":5}},"line":60},"3":{"name":"(anonymous_3)","decl":{"start":{"line":74,"column":27},"end":{"line":74,"column":28}},"loc":{"start":{"line":74,"column":48},"end":{"line":77,"column":5}},"line":74},"4":{"name":"(anonymous_4)","decl":{"start":{"line":78,"column":28},"end":{"line":78,"column":29}},"loc":{"start":{"line":78,"column":34},"end":{"line":85,"column":5}},"line":78},"5":{"name":"(anonymous_5)","decl":{"start":{"line":86,"column":22},"end":{"line":86,"column":23}},"loc":{"start":{"line":86,"column":28},"end":{"line":96,"column":5}},"line":86},"6":{"name":"(anonymous_6)","decl":{"start":{"line":117,"column":51},"end":{"line":117,"column":52}},"loc":{"start":{"line":118,"column":32},"end":{"line":127,"column":38}},"line":118},"7":{"name":"(anonymous_7)","decl":{"start":{"line":118,"column":94},"end":{"line":118,"column":95}},"loc":{"start":{"line":118,"column":100},"end":{"line":118,"column":147}},"line":118},"8":{"name":"(anonymous_8)","decl":{"start":{"line":157,"column":17},"end":{"line":157,"column":18}},"loc":{"start":{"line":157,"column":33},"end":{"line":161,"column":1}},"line":157},"9":{"name":"(anonymous_9)","decl":{"start":{"line":162,"column":20},"end":{"line":162,"column":21}},"loc":{"start":{"line":162,"column":39},"end":{"line":166,"column":1}},"line":162},"10":{"name":"(anonymous_10)","decl":{"start":{"line":164,"column":27},"end":{"line":164,"column":28}},"loc":{"start":{"line":164,"column":54},"end":{"line":164,"column":96}},"line":164}},"branchMap":{"0":{"loc":{"start":{"line":79,"column":8},"end":{"line":84,"column":9}},"type":"if","locations":[{"start":{"line":79,"column":8},"end":{"line":84,"column":9}},{"start":{"line":79,"column":8},"end":{"line":84,"column":9}}],"line":79},"1":{"loc":{"start":{"line":87,"column":8},"end":{"line":94,"column":9}},"type":"if","locations":[{"start":{"line":87,"column":8},"end":{"line":94,"column":9}},{"start":{"line":87,"column":8},"end":{"line":94,"column":9}}],"line":87},"2":{"loc":{"start":{"line":104,"column":16},"end":{"line":129,"column":122}},"type":"cond-expr","locations":[{"start":{"line":104,"column":46},"end":{"line":129,"column":42}},{"start":{"line":129,"column":47},"end":{"line":129,"column":121}}],"line":104},"3":{"loc":{"start":{"line":120,"column":40},"end":{"line":121,"column":159}},"type":"cond-expr","locations":[{"start":{"line":120,"column":93},"end":{"line":120,"column":171}},{"start":{"line":121,"column":41},"end":{"line":121,"column":158}}],"line":120}},"s":{"0":2,"1":1,"2":2,"3":2,"4":2,"5":2,"6":2,"7":2,"8":2,"9":2,"10":1,"11":1,"12":2,"13":2,"14":0,"15":0,"16":2,"17":0,"18":0,"19":0,"20":0,"21":2,"22":0,"23":0,"24":0,"25":0,"26":0,"27":2,"28":2,"29":2,"30":2,"31":0,"32":0,"33":2,"34":2,"35":2,"36":1,"37":1},"f":{"0":1,"1":2,"2":1,"3":0,"4":0,"5":0,"6":0,"7":0,"8":2,"9":1,"10":1},"b":{"0":[0,0],"1":[0,0],"2":[2,0],"3":[0,0]},"_coverageSchema":"1a1c01bbd47fc00a2c39e90264f33305004495a9","hash":"ab113119d0bddb725f067514d6aa56d54af8892a"}
,"/home/decoders/crud-app/src/Components/youtubePlayVideo/youtubePlayVideo.tsx": {"path":"/home/decoders/crud-app/src/Components/youtubePlayVideo/youtubePlayVideo.tsx","statementMap":{"0":{"start":{"line":5,"column":18},"end":{"line":22,"column":3}},"1":{"start":{"line":5,"column":46},"end":{"line":22,"column":1}},"2":{"start":{"line":30,"column":25},"end":{"line":42,"column":1}},"3":{"start":{"line":31,"column":20},"end":{"line":31,"column":31}},"4":{"start":{"line":32,"column":21},"end":{"line":32,"column":63}},"5":{"start":{"line":33,"column":4},"end":{"line":41,"column":5}},"6":{"start":{"line":35,"column":73},"end":{"line":35,"column":98}}},"fnMap":{"0":{"name":"(anonymous_0)","decl":{"start":{"line":5,"column":29},"end":{"line":5,"column":30}},"loc":{"start":{"line":5,"column":46},"end":{"line":22,"column":1}},"line":5},"1":{"name":"(anonymous_1)","decl":{"start":{"line":30,"column":25},"end":{"line":30,"column":26}},"loc":{"start":{"line":30,"column":63},"end":{"line":42,"column":1}},"line":30},"2":{"name":"(anonymous_2)","decl":{"start":{"line":35,"column":69},"end":{"line":35,"column":70}},"loc":{"start":{"line":35,"column":73},"end":{"line":35,"column":98}},"line":35}},"branchMap":{},"s":{"0":2,"1":0,"2":2,"3":0,"4":0,"5":0,"6":0},"f":{"0":0,"1":0,"2":0},"b":{},"_coverageSchema":"1a1c01bbd47fc00a2c39e90264f33305004495a9","hash":"f7a350ef0d2ba1fb3ca66e34e223dba284e4a984"}
,"/home/decoders/crud-app/src/action/actionTypes.ts": {"path":"/home/decoders/crud-app/src/action/actionTypes.ts","statementMap":{},"fnMap":{},"branchMap":{},"s":{},"f":{},"b":{},"_coverageSchema":"1a1c01bbd47fc00a2c39e90264f33305004495a9","hash":"eda6de0d3015a1b167544b26037e4b116fecdc53"}
,"/home/decoders/crud-app/src/action/actions.ts": {"path":"/home/decoders/crud-app/src/action/actions.ts","statementMap":{"0":{"start":{"line":8,"column":25},"end":{"line":13,"column":1}},"1":{"start":{"line":9,"column":4},"end":{"line":9,"column":22}},"2":{"start":{"line":10,"column":4},"end":{"line":12,"column":5}},"3":{"start":{"line":15,"column":25},"end":{"line":20,"column":1}},"4":{"start":{"line":16,"column":4},"end":{"line":19,"column":5}},"5":{"start":{"line":22,"column":25},"end":{"line":27,"column":1}},"6":{"start":{"line":23,"column":4},"end":{"line":26,"column":5}},"7":{"start":{"line":29,"column":24},"end":{"line":34,"column":1}},"8":{"start":{"line":30,"column":4},"end":{"line":33,"column":5}},"9":{"start":{"line":36,"column":24},"end":{"line":41,"column":1}},"10":{"start":{"line":37,"column":4},"end":{"line":40,"column":5}},"11":{"start":{"line":43,"column":26},"end":{"line":48,"column":1}},"12":{"start":{"line":44,"column":4},"end":{"line":47,"column":5}},"13":{"start":{"line":50,"column":26},"end":{"line":55,"column":1}},"14":{"start":{"line":51,"column":4},"end":{"line":54,"column":5}},"15":{"start":{"line":57,"column":26},"end":{"line":62,"column":1}},"16":{"start":{"line":58,"column":4},"end":{"line":61,"column":5}},"17":{"start":{"line":64,"column":26},"end":{"line":69,"column":1}},"18":{"start":{"line":65,"column":4},"end":{"line":68,"column":5}},"19":{"start":{"line":70,"column":33},"end":{"line":88,"column":1}},"20":{"start":{"line":71,"column":4},"end":{"line":71,"column":26}},"21":{"start":{"line":72,"column":4},"end":{"line":87,"column":5}},"22":{"start":{"line":74,"column":8},"end":{"line":74,"column":39}},"23":{"start":{"line":75,"column":8},"end":{"line":86,"column":10}},"24":{"start":{"line":77,"column":12},"end":{"line":77,"column":49}},"25":{"start":{"line":79,"column":62},"end":{"line":79,"column":75}},"26":{"start":{"line":80,"column":12},"end":{"line":80,"column":48}},"27":{"start":{"line":84,"column":37},"end":{"line":84,"column":50}},"28":{"start":{"line":85,"column":12},"end":{"line":85,"column":51}},"29":{"start":{"line":92,"column":28},"end":{"line":97,"column":1}},"30":{"start":{"line":93,"column":4},"end":{"line":93,"column":22}},"31":{"start":{"line":94,"column":4},"end":{"line":96,"column":5}},"32":{"start":{"line":99,"column":28},"end":{"line":105,"column":1}},"33":{"start":{"line":100,"column":4},"end":{"line":100,"column":32}},"34":{"start":{"line":101,"column":4},"end":{"line":104,"column":5}},"35":{"start":{"line":107,"column":28},"end":{"line":112,"column":1}},"36":{"start":{"line":108,"column":4},"end":{"line":111,"column":5}},"37":{"start":{"line":113,"column":25},"end":{"line":130,"column":1}},"38":{"start":{"line":114,"column":4},"end":{"line":114,"column":26}},"39":{"start":{"line":115,"column":4},"end":{"line":129,"column":5}},"40":{"start":{"line":117,"column":8},"end":{"line":117,"column":36}},"41":{"start":{"line":118,"column":9},"end":{"line":128,"column":10}},"42":{"start":{"line":120,"column":12},"end":{"line":120,"column":34}},"43":{"start":{"line":121,"column":54},"end":{"line":121,"column":67}},"44":{"start":{"line":122,"column":12},"end":{"line":122,"column":45}},"45":{"start":{"line":126,"column":37},"end":{"line":126,"column":50}},"46":{"start":{"line":127,"column":12},"end":{"line":127,"column":48}},"47":{"start":{"line":131,"column":24},"end":{"line":148,"column":1}},"48":{"start":{"line":132,"column":4},"end":{"line":147,"column":5}},"49":{"start":{"line":133,"column":4},"end":{"line":133,"column":32}},"50":{"start":{"line":134,"column":4},"end":{"line":146,"column":6}},"51":{"start":{"line":136,"column":22},"end":{"line":136,"column":35}},"52":{"start":{"line":137,"column":8},"end":{"line":137,"column":29}},"53":{"start":{"line":138,"column":8},"end":{"line":138,"column":26}},"54":{"start":{"line":139,"column":8},"end":{"line":139,"column":38}},"55":{"start":{"line":140,"column":8},"end":{"line":140,"column":40}},"56":{"start":{"line":143,"column":25},"end":{"line":143,"column":38}},"57":{"start":{"line":144,"column":8},"end":{"line":144,"column":29}},"58":{"start":{"line":145,"column":8},"end":{"line":145,"column":43}},"59":{"start":{"line":149,"column":26},"end":{"line":165,"column":1}},"60":{"start":{"line":150,"column":4},"end":{"line":164,"column":5}},"61":{"start":{"line":151,"column":8},"end":{"line":151,"column":36}},"62":{"start":{"line":152,"column":8},"end":{"line":163,"column":10}},"63":{"start":{"line":155,"column":12},"end":{"line":155,"column":40}},"64":{"start":{"line":157,"column":12},"end":{"line":157,"column":47}},"65":{"start":{"line":160,"column":29},"end":{"line":160,"column":42}},"66":{"start":{"line":161,"column":12},"end":{"line":161,"column":33}},"67":{"start":{"line":162,"column":12},"end":{"line":162,"column":49}},"68":{"start":{"line":167,"column":26},"end":{"line":180,"column":1}},"69":{"start":{"line":168,"column":4},"end":{"line":179,"column":5}},"70":{"start":{"line":169,"column":8},"end":{"line":169,"column":36}},"71":{"start":{"line":170,"column":8},"end":{"line":178,"column":10}},"72":{"start":{"line":172,"column":12},"end":{"line":172,"column":33}},"73":{"start":{"line":173,"column":12},"end":{"line":173,"column":54}},"74":{"start":{"line":176,"column":12},"end":{"line":176,"column":54}},"75":{"start":{"line":177,"column":12},"end":{"line":177,"column":38}}},"fnMap":{"0":{"name":"(anonymous_0)","decl":{"start":{"line":8,"column":25},"end":{"line":8,"column":26}},"loc":{"start":{"line":8,"column":57},"end":{"line":13,"column":1}},"line":8},"1":{"name":"(anonymous_1)","decl":{"start":{"line":15,"column":25},"end":{"line":15,"column":26}},"loc":{"start":{"line":15,"column":90},"end":{"line":20,"column":1}},"line":15},"2":{"name":"(anonymous_2)","decl":{"start":{"line":22,"column":25},"end":{"line":22,"column":26}},"loc":{"start":{"line":22,"column":70},"end":{"line":27,"column":1}},"line":22},"3":{"name":"(anonymous_3)","decl":{"start":{"line":29,"column":24},"end":{"line":29,"column":25}},"loc":{"start":{"line":29,"column":91},"end":{"line":34,"column":1}},"line":29},"4":{"name":"(anonymous_4)","decl":{"start":{"line":36,"column":24},"end":{"line":36,"column":25}},"loc":{"start":{"line":36,"column":69},"end":{"line":41,"column":1}},"line":36},"5":{"name":"(anonymous_5)","decl":{"start":{"line":43,"column":26},"end":{"line":43,"column":27}},"loc":{"start":{"line":43,"column":73},"end":{"line":48,"column":1}},"line":43},"6":{"name":"(anonymous_6)","decl":{"start":{"line":50,"column":26},"end":{"line":50,"column":27}},"loc":{"start":{"line":50,"column":72},"end":{"line":55,"column":1}},"line":50},"7":{"name":"(anonymous_7)","decl":{"start":{"line":57,"column":26},"end":{"line":57,"column":27}},"loc":{"start":{"line":57,"column":97},"end":{"line":62,"column":1}},"line":57},"8":{"name":"(anonymous_8)","decl":{"start":{"line":64,"column":26},"end":{"line":64,"column":27}},"loc":{"start":{"line":64,"column":71},"end":{"line":69,"column":1}},"line":64},"9":{"name":"(anonymous_9)","decl":{"start":{"line":70,"column":33},"end":{"line":70,"column":34}},"loc":{"start":{"line":70,"column":60},"end":{"line":88,"column":1}},"line":70},"10":{"name":"(anonymous_10)","decl":{"start":{"line":72,"column":11},"end":{"line":72,"column":12}},"loc":{"start":{"line":72,"column":61},"end":{"line":87,"column":5}},"line":72},"11":{"name":"(anonymous_11)","decl":{"start":{"line":76,"column":14},"end":{"line":76,"column":15}},"loc":{"start":{"line":76,"column":26},"end":{"line":82,"column":9}},"line":76},"12":{"name":"(anonymous_12)","decl":{"start":{"line":83,"column":15},"end":{"line":83,"column":16}},"loc":{"start":{"line":83,"column":24},"end":{"line":86,"column":9}},"line":83},"13":{"name":"(anonymous_13)","decl":{"start":{"line":92,"column":28},"end":{"line":92,"column":29}},"loc":{"start":{"line":92,"column":60},"end":{"line":97,"column":1}},"line":92},"14":{"name":"(anonymous_14)","decl":{"start":{"line":99,"column":28},"end":{"line":99,"column":29}},"loc":{"start":{"line":99,"column":101},"end":{"line":105,"column":1}},"line":99},"15":{"name":"(anonymous_15)","decl":{"start":{"line":107,"column":28},"end":{"line":107,"column":29}},"loc":{"start":{"line":107,"column":73},"end":{"line":112,"column":1}},"line":107},"16":{"name":"(anonymous_16)","decl":{"start":{"line":113,"column":25},"end":{"line":113,"column":26}},"loc":{"start":{"line":113,"column":31},"end":{"line":130,"column":1}},"line":113},"17":{"name":"(anonymous_17)","decl":{"start":{"line":115,"column":11},"end":{"line":115,"column":12}},"loc":{"start":{"line":115,"column":61},"end":{"line":129,"column":5}},"line":115},"18":{"name":"(anonymous_18)","decl":{"start":{"line":119,"column":14},"end":{"line":119,"column":15}},"loc":{"start":{"line":119,"column":26},"end":{"line":124,"column":9}},"line":119},"19":{"name":"(anonymous_19)","decl":{"start":{"line":125,"column":15},"end":{"line":125,"column":16}},"loc":{"start":{"line":125,"column":24},"end":{"line":128,"column":9}},"line":125},"20":{"name":"(anonymous_20)","decl":{"start":{"line":131,"column":24},"end":{"line":131,"column":25}},"loc":{"start":{"line":131,"column":60},"end":{"line":148,"column":1}},"line":131},"21":{"name":"(anonymous_21)","decl":{"start":{"line":132,"column":11},"end":{"line":132,"column":12}},"loc":{"start":{"line":132,"column":61},"end":{"line":147,"column":5}},"line":132},"22":{"name":"(anonymous_22)","decl":{"start":{"line":135,"column":10},"end":{"line":135,"column":11}},"loc":{"start":{"line":135,"column":22},"end":{"line":141,"column":5}},"line":135},"23":{"name":"(anonymous_23)","decl":{"start":{"line":142,"column":11},"end":{"line":142,"column":12}},"loc":{"start":{"line":142,"column":20},"end":{"line":146,"column":5}},"line":142},"24":{"name":"(anonymous_24)","decl":{"start":{"line":149,"column":26},"end":{"line":149,"column":27}},"loc":{"start":{"line":149,"column":46},"end":{"line":165,"column":1}},"line":149},"25":{"name":"(anonymous_25)","decl":{"start":{"line":150,"column":11},"end":{"line":150,"column":12}},"loc":{"start":{"line":150,"column":61},"end":{"line":164,"column":5}},"line":150},"26":{"name":"(anonymous_26)","decl":{"start":{"line":153,"column":14},"end":{"line":153,"column":15}},"loc":{"start":{"line":153,"column":26},"end":{"line":158,"column":9}},"line":153},"27":{"name":"(anonymous_27)","decl":{"start":{"line":159,"column":15},"end":{"line":159,"column":16}},"loc":{"start":{"line":159,"column":24},"end":{"line":163,"column":9}},"line":159},"28":{"name":"(anonymous_28)","decl":{"start":{"line":167,"column":26},"end":{"line":167,"column":27}},"loc":{"start":{"line":167,"column":81},"end":{"line":180,"column":1}},"line":167},"29":{"name":"(anonymous_29)","decl":{"start":{"line":168,"column":11},"end":{"line":168,"column":12}},"loc":{"start":{"line":168,"column":61},"end":{"line":179,"column":5}},"line":168},"30":{"name":"(anonymous_30)","decl":{"start":{"line":171,"column":14},"end":{"line":171,"column":15}},"loc":{"start":{"line":171,"column":26},"end":{"line":174,"column":9}},"line":171},"31":{"name":"(anonymous_31)","decl":{"start":{"line":175,"column":15},"end":{"line":175,"column":16}},"loc":{"start":{"line":175,"column":24},"end":{"line":178,"column":9}},"line":175}},"branchMap":{},"s":{"0":7,"1":7,"2":7,"3":7,"4":0,"5":7,"6":0,"7":7,"8":0,"9":7,"10":0,"11":7,"12":0,"13":7,"14":0,"15":7,"16":0,"17":7,"18":0,"19":7,"20":1,"21":1,"22":1,"23":1,"24":0,"25":0,"26":0,"27":0,"28":0,"29":7,"30":1,"31":1,"32":7,"33":0,"34":0,"35":7,"36":0,"37":7,"38":5,"39":5,"40":5,"41":5,"42":0,"43":0,"44":0,"45":0,"46":0,"47":7,"48":2,"49":2,"50":2,"51":0,"52":0,"53":0,"54":0,"55":0,"56":0,"57":0,"58":0,"59":7,"60":0,"61":0,"62":0,"63":0,"64":0,"65":0,"66":0,"67":0,"68":7,"69":0,"70":0,"71":0,"72":0,"73":0,"74":0,"75":0},"f":{"0":7,"1":0,"2":0,"3":0,"4":0,"5":0,"6":0,"7":0,"8":0,"9":1,"10":1,"11":0,"12":0,"13":1,"14":0,"15":0,"16":5,"17":5,"18":0,"19":0,"20":2,"21":2,"22":0,"23":0,"24":0,"25":0,"26":0,"27":0,"28":0,"29":0,"30":0,"31":0},"b":{},"_coverageSchema":"1a1c01bbd47fc00a2c39e90264f33305004495a9","hash":"93b30fa5c26dbc627ee18845ecada21f4e6dfaac"}
,"/home/decoders/crud-app/src/action/index.ts": {"path":"/home/decoders/crud-app/src/action/index.ts","statementMap":{},"fnMap":{},"branchMap":{},"s":{},"f":{},"b":{},"_coverageSchema":"1a1c01bbd47fc00a2c39e90264f33305004495a9","hash":"3390e39ac32db0d72e54597accbb401883c22781"}
,"/home/decoders/crud-app/src/middleware/index.ts": {"path":"/home/decoders/crud-app/src/middleware/index.ts","statementMap":{},"fnMap":{},"branchMap":{},"s":{},"f":{},"b":{},"_coverageSchema":"1a1c01bbd47fc00a2c39e90264f33305004495a9","hash":"e007b820fdf10c356cefe31209abb46fa52886f4"}
,"/home/decoders/crud-app/src/middleware/thunkMiddleware.ts": {"path":"/home/decoders/crud-app/src/middleware/thunkMiddleware.ts","statementMap":{"0":{"start":{"line":4,"column":26},"end":{"line":4,"column":53}}},"fnMap":{},"branchMap":{},"s":{"0":6},"f":{},"b":{},"_coverageSchema":"1a1c01bbd47fc00a2c39e90264f33305004495a9","hash":"15e78fbeb836a7c56281cbf613f4f46b836d3b5d"}
,"/home/decoders/crud-app/src/reducer/index.ts": {"path":"/home/decoders/crud-app/src/reducer/index.ts","statementMap":{"0":{"start":{"line":5,"column":20},"end":{"line":8,"column":2}}},"fnMap":{},"branchMap":{},"s":{"0":4},"f":{},"b":{},"_coverageSchema":"1a1c01bbd47fc00a2c39e90264f33305004495a9","hash":"f18da7a3ae9f0c98032a6b00036afc2d98d7b031"}
,"/home/decoders/crud-app/src/reducer/rootReducer.ts": {"path":"/home/decoders/crud-app/src/reducer/rootReducer.ts","statementMap":{"0":{"start":{"line":5,"column":46},"end":{"line":9,"column":1}},"1":{"start":{"line":14,"column":27},"end":{"line":77,"column":1}},"2":{"start":{"line":15,"column":4},"end":{"line":76,"column":5}},"3":{"start":{"line":17,"column":12},"end":{"line":20,"column":13}},"4":{"start":{"line":22,"column":12},"end":{"line":27,"column":13}},"5":{"start":{"line":29,"column":12},"end":{"line":34,"column":13}},"6":{"start":{"line":36,"column":12},"end":{"line":41,"column":13}},"7":{"start":{"line":43,"column":12},"end":{"line":47,"column":13}},"8":{"start":{"line":49,"column":12},"end":{"line":55,"column":13}},"9":{"start":{"line":52,"column":51},"end":{"line":52,"column":78}},"10":{"start":{"line":57,"column":12},"end":{"line":61,"column":13}},"11":{"start":{"line":63,"column":12},"end":{"line":68,"column":13}},"12":{"start":{"line":66,"column":48},"end":{"line":66,"column":101}},"13":{"start":{"line":70,"column":12},"end":{"line":74,"column":13}},"14":{"start":{"line":75,"column":17},"end":{"line":75,"column":29}},"15":{"start":{"line":78,"column":62},"end":{"line":87,"column":1}},"16":{"start":{"line":88,"column":30},"end":{"line":121,"column":1}},"17":{"start":{"line":90,"column":4},"end":{"line":120,"column":5}},"18":{"start":{"line":92,"column":12},"end":{"line":95,"column":13}},"19":{"start":{"line":97,"column":37},"end":{"line":97,"column":39}},"20":{"start":{"line":98,"column":12},"end":{"line":100,"column":13}},"21":{"start":{"line":99,"column":16},"end":{"line":99,"column":58}},"22":{"start":{"line":101,"column":48},"end":{"line":101,"column":71}},"23":{"start":{"line":102,"column":12},"end":{"line":102,"column":60}},"24":{"start":{"line":103,"column":12},"end":{"line":111,"column":13}},"25":{"start":{"line":113,"column":12},"end":{"line":118,"column":13}},"26":{"start":{"line":119,"column":17},"end":{"line":119,"column":29}}},"fnMap":{"0":{"name":"(anonymous_0)","decl":{"start":{"line":14,"column":27},"end":{"line":14,"column":28}},"loc":{"start":{"line":14,"column":140},"end":{"line":77,"column":1}},"line":14},"1":{"name":"(anonymous_1)","decl":{"start":{"line":52,"column":42},"end":{"line":52,"column":43}},"loc":{"start":{"line":52,"column":51},"end":{"line":52,"column":78}},"line":52},"2":{"name":"(anonymous_2)","decl":{"start":{"line":66,"column":39},"end":{"line":66,"column":40}},"loc":{"start":{"line":66,"column":48},"end":{"line":66,"column":101}},"line":66},"3":{"name":"(anonymous_3)","decl":{"start":{"line":88,"column":30},"end":{"line":88,"column":31}},"loc":{"start":{"line":88,"column":167},"end":{"line":121,"column":1}},"line":88}},"branchMap":{"0":{"loc":{"start":{"line":14,"column":28},"end":{"line":14,"column":73}},"type":"default-arg","locations":[{"start":{"line":14,"column":64},"end":{"line":14,"column":73}}],"line":14},"1":{"loc":{"start":{"line":15,"column":4},"end":{"line":76,"column":5}},"type":"switch","locations":[{"start":{"line":16,"column":8},"end":{"line":20,"column":13}},{"start":{"line":21,"column":8},"end":{"line":27,"column":13}},{"start":{"line":28,"column":8},"end":{"line":34,"column":13}},{"start":{"line":35,"column":8},"end":{"line":41,"column":13}},{"start":{"line":42,"column":8},"end":{"line":47,"column":13}},{"start":{"line":48,"column":8},"end":{"line":55,"column":13}},{"start":{"line":56,"column":8},"end":{"line":61,"column":13}},{"start":{"line":62,"column":8},"end":{"line":68,"column":13}},{"start":{"line":69,"column":8},"end":{"line":74,"column":13}},{"start":{"line":75,"column":8},"end":{"line":75,"column":29}}],"line":15},"2":{"loc":{"start":{"line":66,"column":48},"end":{"line":66,"column":101}},"type":"cond-expr","locations":[{"start":{"line":66,"column":80},"end":{"line":66,"column":94}},{"start":{"line":66,"column":97},"end":{"line":66,"column":101}}],"line":66},"3":{"loc":{"start":{"line":88,"column":31},"end":{"line":88,"column":92}},"type":"default-arg","locations":[{"start":{"line":88,"column":75},"end":{"line":88,"column":92}}],"line":88},"4":{"loc":{"start":{"line":90,"column":4},"end":{"line":120,"column":5}},"type":"switch","locations":[{"start":{"line":91,"column":8},"end":{"line":95,"column":13}},{"start":{"line":96,"column":8},"end":{"line":111,"column":13}},{"start":{"line":112,"column":8},"end":{"line":118,"column":13}},{"start":{"line":119,"column":8},"end":{"line":119,"column":29}}],"line":90},"5":{"loc":{"start":{"line":98,"column":12},"end":{"line":100,"column":13}},"type":"if","locations":[{"start":{"line":98,"column":12},"end":{"line":100,"column":13}},{"start":{"line":98,"column":12},"end":{"line":100,"column":13}}],"line":98}},"s":{"0":5,"1":5,"2":18,"3":4,"4":1,"5":0,"6":0,"7":0,"8":0,"9":0,"10":0,"11":0,"12":0,"13":0,"14":13,"15":5,"16":5,"17":19,"18":1,"19":1,"20":1,"21":1,"22":1,"23":1,"24":1,"25":1,"26":16},"f":{"0":18,"1":0,"2":0,"3":19},"b":{"0":[12],"1":[4,1,0,0,0,0,0,0,0,13],"2":[0,0],"3":[12],"4":[1,1,1,16],"5":[1,0]},"_coverageSchema":"1a1c01bbd47fc00a2c39e90264f33305004495a9","hash":"cd371cf2e02a518971ee026c8cadd66861ba7029"}
,"/home/decoders/crud-app/src/reducer/state.ts": {"path":"/home/decoders/crud-app/src/reducer/state.ts","statementMap":{},"fnMap":{},"branchMap":{},"s":{},"f":{},"b":{},"_coverageSchema":"1a1c01bbd47fc00a2c39e90264f33305004495a9","hash":"04cbc60b94080d39d255ab53cde9e99d1bb5c655"}
,"/home/decoders/crud-app/src/store/index.ts": {"path":"/home/decoders/crud-app/src/store/index.ts","statementMap":{"0":{"start":{"line":6,"column":21},"end":{"line":6,"column":57}}},"fnMap":{},"branchMap":{},"s":{"0":4},"f":{},"b":{},"_coverageSchema":"1a1c01bbd47fc00a2c39e90264f33305004495a9","hash":"665f58ab842e2251b9ade88787a86bb31284940d"}
}
