TN:
SF:src/App.tsx
FN:12,(anonymous_0)
FNF:1
FNH:1
FNDA:1,(anonymous_0)
DA:12,1
DA:13,1
LF:2
LH:2
BRF:0
BRH:0
end_of_record
TN:
SF:src/index.tsx
FNF:0
FNH:0
DA:7,0
DA:17,0
LF:2
LH:0
BRF:0
BRH:0
end_of_record
TN:
SF:src/reportWebVitals.ts
FN:3,(anonymous_0)
FN:5,(anonymous_1)
FNF:2
FNH:0
FNDA:0,(anonymous_0)
FNDA:0,(anonymous_1)
DA:3,0
DA:4,0
DA:5,0
DA:6,0
DA:7,0
DA:8,0
DA:9,0
DA:10,0
LF:8
LH:0
BRDA:4,0,0,0
BRDA:4,0,1,0
BRDA:4,1,0,0
BRDA:4,1,1,0
BRF:4
BRH:0
end_of_record
TN:
SF:src/Components/cardGame/cardGame.tsx
FN:10,(anonymous_0)
FN:24,(anonymous_1)
FN:28,(anonymous_2)
FNF:3
FNH:0
FNDA:0,(anonymous_0)
FNDA:0,(anonymous_1)
FNDA:0,(anonymous_2)
DA:10,0
DA:24,0
DA:25,0
DA:26,0
DA:28,0
LF:5
LH:0
BRF:0
BRH:0
end_of_record
TN:
SF:src/Components/cardsDemo/cardsDemo.tsx
FN:22,(anonymous_0)
FNF:1
FNH:1
FNDA:1,(anonymous_0)
DA:22,2
DA:23,1
DA:24,1
DA:36,1
LF:4
LH:4
BRF:0
BRH:0
end_of_record
TN:
SF:src/Components/cardsDemo/cardsDemoStyle.ts
FN:2,(anonymous_0)
FNF:1
FNH:1
FNDA:1,(anonymous_0)
DA:2,2
LF:1
LH:1
BRF:0
BRH:0
end_of_record
TN:
SF:src/Components/createTodo/createNewTodo.tsx
FN:9,(anonymous_0)
FN:62,(anonymous_1)
FN:77,(anonymous_2)
FN:88,(anonymous_3)
FN:132,(anonymous_4)
FN:152,(anonymous_5)
FN:154,(anonymous_6)
FNF:7
FNH:7
FNDA:6,(anonymous_0)
FNDA:8,(anonymous_1)
FNDA:1,(anonymous_2)
FNDA:2,(anonymous_3)
FNDA:1,(anonymous_4)
FNDA:6,(anonymous_5)
FNDA:2,(anonymous_6)
DA:9,6
DA:62,2
DA:63,8
DA:65,8
DA:66,8
DA:71,8
DA:77,8
DA:78,1
DA:79,1
DA:81,1
DA:82,0
DA:83,0
DA:85,1
DA:88,8
DA:90,2
DA:91,2
DA:93,2
DA:94,2
DA:97,8
DA:98,8
DA:99,1
DA:101,7
DA:132,1
DA:152,2
DA:153,6
DA:154,2
LF:26
LH:24
BRDA:81,0,0,0
BRDA:81,0,1,1
BRDA:98,1,0,1
BRDA:98,1,1,7
BRF:4
BRH:3
end_of_record
TN:
SF:src/Components/createTodo/index.ts
FNF:0
FNH:0
LF:0
LH:0
BRF:0
BRH:0
end_of_record
TN:
SF:src/Components/formControls/index.ts
FNF:0
FNH:0
DA:5,3
LF:1
LH:1
BRF:0
BRH:0
end_of_record
TN:
SF:src/Components/formControls/inputField.tsx
FN:13,(anonymous_0)
FNF:1
FNH:1
FNDA:14,(anonymous_0)
DA:13,3
DA:14,14
LF:2
LH:2
BRF:0
BRH:0
end_of_record
TN:
SF:src/Components/formControls/radioGroupField.tsx
FN:17,(anonymous_0)
FN:27,(anonymous_1)
FNF:2
FNH:2
FNDA:7,(anonymous_0)
FNDA:14,(anonymous_1)
DA:17,3
DA:18,7
DA:19,7
DA:28,14
LF:4
LH:4
BRDA:27,0,0,7
BRDA:27,0,1,7
BRF:2
BRH:2
end_of_record
TN:
SF:src/Components/homePage/homepage.tsx
FN:5,(anonymous_0)
FNF:1
FNH:1
FNDA:2,(anonymous_0)
DA:5,2
DA:6,2
LF:2
LH:2
BRF:0
BRH:0
end_of_record
TN:
SF:src/Components/homePage/index.js
FNF:0
FNH:0
LF:0
LH:0
BRF:0
BRH:0
end_of_record
TN:
SF:src/Components/loginCards/index.ts
FNF:0
FNH:0
LF:0
LH:0
BRF:0
BRH:0
end_of_record
TN:
SF:src/Components/loginCards/login.tsx
FN:4,(anonymous_0)
FN:23,(anonymous_1)
FN:27,(anonymous_2)
FN:42,(anonymous_3)
FN:45,(anonymous_4)
FN:49,(anonymous_5)
FN:52,(anonymous_6)
FNF:7
FNH:0
FNDA:0,(anonymous_0)
FNDA:0,(anonymous_1)
FNDA:0,(anonymous_2)
FNDA:0,(anonymous_3)
FNDA:0,(anonymous_4)
FNDA:0,(anonymous_5)
FNDA:0,(anonymous_6)
DA:4,1
DA:11,0
DA:12,0
DA:18,0
DA:23,0
DA:24,0
DA:25,0
DA:27,0
DA:28,0
DA:29,0
DA:37,0
DA:38,0
DA:40,0
DA:42,0
DA:45,0
DA:49,0
DA:52,0
LF:17
LH:1
BRDA:37,0,0,0
BRDA:37,0,1,0
BRF:2
BRH:0
end_of_record
TN:
SF:src/Components/showSingleTodo/index.ts
FNF:0
FNH:0
LF:0
LH:0
BRF:0
BRH:0
end_of_record
TN:
SF:src/Components/showSingleTodo/showSingleTodo.tsx
FN:9,(anonymous_0)
FN:64,(anonymous_1)
FN:72,(anonymous_2)
FN:87,(anonymous_3)
FN:91,(anonymous_4)
FN:102,(anonymous_5)
FN:109,(anonymous_6)
FN:115,(anonymous_7)
FN:142,(anonymous_8)
FN:149,(anonymous_9)
FN:156,(anonymous_10)
FN:164,(anonymous_11)
FN:193,(anonymous_12)
FN:198,(anonymous_13)
FN:200,(anonymous_14)
FN:201,(anonymous_15)
FNF:16
FNH:5
FNDA:2,(anonymous_0)
FNDA:4,(anonymous_1)
FNDA:0,(anonymous_2)
FNDA:2,(anonymous_3)
FNDA:0,(anonymous_4)
FNDA:0,(anonymous_5)
FNDA:0,(anonymous_6)
FNDA:0,(anonymous_7)
FNDA:0,(anonymous_8)
FNDA:0,(anonymous_9)
FNDA:0,(anonymous_10)
FNDA:0,(anonymous_11)
FNDA:2,(anonymous_12)
FNDA:2,(anonymous_13)
FNDA:0,(anonymous_14)
FNDA:0,(anonymous_15)
DA:9,2
DA:64,2
DA:66,4
DA:67,4
DA:68,4
DA:70,4
DA:72,4
DA:73,4
DA:75,4
DA:76,4
DA:82,4
DA:87,4
DA:88,2
DA:91,4
DA:92,0
DA:93,0
DA:95,0
DA:96,0
DA:97,0
DA:99,0
DA:102,4
DA:103,0
DA:104,0
DA:105,0
DA:106,0
DA:109,4
DA:110,0
DA:111,0
DA:112,0
DA:115,4
DA:116,0
DA:119,4
DA:121,4
DA:122,4
DA:124,0
DA:142,0
DA:149,0
DA:156,0
DA:164,0
DA:193,2
DA:194,2
DA:198,2
DA:199,2
DA:200,0
DA:201,0
LF:45
LH:24
BRDA:95,0,0,0
BRDA:95,0,1,0
BRDA:121,1,0,4
BRDA:121,1,1,0
BRDA:121,2,0,4
BRDA:121,2,1,4
BRF:6
BRH:3
end_of_record
TN:
SF:src/Components/todoList/index.ts
FNF:0
FNH:0
LF:0
LH:0
BRF:0
BRH:0
end_of_record
TN:
SF:src/Components/todoList/todoList.tsx
FN:9,(anonymous_0)
FN:63,(anonymous_1)
FN:71,(anonymous_2)
FN:76,(anonymous_3)
FN:113,(anonymous_4)
FN:114,(anonymous_5)
FN:131,(anonymous_6)
FN:138,(anonymous_7)
FN:140,(anonymous_8)
FNF:9
FNH:6
FNDA:5,(anonymous_0)
FNDA:9,(anonymous_1)
FNDA:5,(anonymous_2)
FNDA:0,(anonymous_3)
FNDA:0,(anonymous_4)
FNDA:0,(anonymous_5)
FNDA:10,(anonymous_6)
FNDA:5,(anonymous_7)
FNDA:5,(anonymous_8)
DA:9,5
DA:63,3
DA:64,9
DA:65,9
DA:67,9
DA:68,9
DA:71,9
DA:72,5
DA:76,9
DA:77,0
DA:78,0
DA:79,0
DA:82,9
DA:83,9
DA:84,0
DA:88,9
DA:114,0
DA:131,3
DA:132,10
DA:138,3
DA:139,5
DA:140,5
LF:22
LH:17
BRDA:77,0,0,0
BRDA:77,0,1,0
BRDA:83,1,0,0
BRDA:83,1,1,9
BRDA:98,2,0,9
BRDA:98,2,1,0
BRDA:99,3,0,0
BRDA:99,3,1,0
BRDA:112,4,0,0
BRDA:112,4,1,0
BRF:10
BRH:2
end_of_record
TN:
SF:src/Components/todoList/todoList1.tsx
FN:16,(anonymous_0)
FN:40,(anonymous_1)
FN:45,(anonymous_2)
FN:56,(anonymous_3)
FN:74,(anonymous_4)
FN:85,(anonymous_5)
FN:91,(anonymous_6)
FN:93,(anonymous_7)
FN:108,(anonymous_8)
FN:123,(anonymous_9)
FN:128,(anonymous_10)
FN:134,(anonymous_11)
FN:139,(anonymous_12)
FN:242,(anonymous_13)
FN:243,(anonymous_14)
FN:265,(anonymous_15)
FN:272,(anonymous_16)
FN:274,(anonymous_17)
FN:275,(anonymous_18)
FN:276,(anonymous_19)
FN:277,(anonymous_20)
FNF:21
FNH:0
FNDA:0,(anonymous_0)
FNDA:0,(anonymous_1)
FNDA:0,(anonymous_2)
FNDA:0,(anonymous_3)
FNDA:0,(anonymous_4)
FNDA:0,(anonymous_5)
FNDA:0,(anonymous_6)
FNDA:0,(anonymous_7)
FNDA:0,(anonymous_8)
FNDA:0,(anonymous_9)
FNDA:0,(anonymous_10)
FNDA:0,(anonymous_11)
FNDA:0,(anonymous_12)
FNDA:0,(anonymous_13)
FNDA:0,(anonymous_14)
FNDA:0,(anonymous_15)
FNDA:0,(anonymous_16)
FNDA:0,(anonymous_17)
FNDA:0,(anonymous_18)
FNDA:0,(anonymous_19)
FNDA:0,(anonymous_20)
DA:16,0
DA:21,0
DA:22,0
DA:23,0
DA:24,0
DA:25,0
DA:27,0
DA:28,0
DA:33,0
DA:40,0
DA:41,0
DA:42,0
DA:45,0
DA:46,0
DA:47,0
DA:49,0
DA:50,0
DA:51,0
DA:53,0
DA:56,0
DA:66,0
DA:67,0
DA:68,0
DA:69,0
DA:70,0
DA:71,0
DA:74,0
DA:75,0
DA:76,0
DA:78,0
DA:79,0
DA:80,0
DA:82,0
DA:85,0
DA:86,0
DA:87,0
DA:88,0
DA:89,0
DA:91,0
DA:93,0
DA:100,0
DA:101,0
DA:102,0
DA:103,0
DA:104,0
DA:105,0
DA:108,0
DA:119,0
DA:120,0
DA:121,0
DA:123,0
DA:124,0
DA:125,0
DA:128,0
DA:129,0
DA:130,0
DA:131,0
DA:134,0
DA:135,0
DA:136,0
DA:139,0
DA:140,0
DA:141,0
DA:142,0
DA:143,0
DA:146,0
DA:147,0
DA:152,0
DA:243,0
DA:265,0
DA:266,0
DA:272,0
DA:273,0
DA:274,0
DA:275,0
DA:276,0
DA:277,0
LF:77
LH:0
BRDA:49,0,0,0
BRDA:49,0,1,0
BRDA:78,1,0,0
BRDA:78,1,1,0
BRDA:140,2,0,0
BRDA:140,2,1,0
BRDA:146,3,0,0
BRDA:146,3,1,0
BRDA:159,4,0,0
BRDA:159,4,1,0
BRDA:227,5,0,0
BRDA:227,5,1,0
BRDA:228,6,0,0
BRDA:228,6,1,0
BRDA:241,7,0,0
BRDA:241,7,1,0
BRF:16
BRH:0
end_of_record
TN:
SF:src/Components/youtubeIds/youtubeIds.ts
FNF:0
FNH:0
DA:1,7
DA:2,7
DA:3,7
LF:3
LH:3
BRF:0
BRH:0
end_of_record
TN:
SF:src/Components/youtubeList/youtubeList.tsx
FN:9,(anonymous_0)
FN:48,(anonymous_1)
FN:60,(anonymous_2)
FN:74,(anonymous_3)
FN:78,(anonymous_4)
FN:86,(anonymous_5)
FN:117,(anonymous_6)
FN:118,(anonymous_7)
FN:157,(anonymous_8)
FN:162,(anonymous_9)
FN:164,(anonymous_10)
FNF:11
FNH:6
FNDA:1,(anonymous_0)
FNDA:2,(anonymous_1)
FNDA:1,(anonymous_2)
FNDA:0,(anonymous_3)
FNDA:0,(anonymous_4)
FNDA:0,(anonymous_5)
FNDA:0,(anonymous_6)
FNDA:0,(anonymous_7)
FNDA:2,(anonymous_8)
FNDA:1,(anonymous_9)
FNDA:1,(anonymous_10)
DA:9,2
DA:48,2
DA:49,2
DA:51,2
DA:52,2
DA:53,2
DA:54,2
DA:55,2
DA:60,2
DA:61,1
DA:63,1
DA:73,2
DA:74,2
DA:75,0
DA:76,0
DA:78,2
DA:79,0
DA:80,0
DA:81,0
DA:83,0
DA:86,2
DA:87,0
DA:89,0
DA:90,0
DA:92,0
DA:93,0
DA:97,2
DA:98,2
DA:99,2
DA:100,2
DA:118,0
DA:157,2
DA:158,2
DA:162,2
DA:163,1
DA:164,1
LF:36
LH:24
BRDA:79,0,0,0
BRDA:79,0,1,0
BRDA:87,1,0,0
BRDA:87,1,1,0
BRDA:104,2,0,2
BRDA:104,2,1,0
BRDA:120,3,0,0
BRDA:120,3,1,0
BRF:8
BRH:1
end_of_record
TN:
SF:src/Components/youtubePlayVideo/youtubePlayVideo.tsx
FN:5,(anonymous_0)
FN:30,(anonymous_1)
FN:35,(anonymous_2)
FNF:3
FNH:0
FNDA:0,(anonymous_0)
FNDA:0,(anonymous_1)
FNDA:0,(anonymous_2)
DA:5,2
DA:30,2
DA:31,0
DA:32,0
DA:33,0
DA:35,0
LF:6
LH:2
BRF:0
BRH:0
end_of_record
TN:
SF:src/action/actionTypes.ts
FNF:0
FNH:0
LF:0
LH:0
BRF:0
BRH:0
end_of_record
TN:
SF:src/action/actions.ts
FN:8,(anonymous_0)
FN:15,(anonymous_1)
FN:22,(anonymous_2)
FN:29,(anonymous_3)
FN:36,(anonymous_4)
FN:43,(anonymous_5)
FN:50,(anonymous_6)
FN:57,(anonymous_7)
FN:64,(anonymous_8)
FN:70,(anonymous_9)
FN:72,(anonymous_10)
FN:76,(anonymous_11)
FN:83,(anonymous_12)
FN:92,(anonymous_13)
FN:99,(anonymous_14)
FN:107,(anonymous_15)
FN:113,(anonymous_16)
FN:115,(anonymous_17)
FN:119,(anonymous_18)
FN:125,(anonymous_19)
FN:131,(anonymous_20)
FN:132,(anonymous_21)
FN:135,(anonymous_22)
FN:142,(anonymous_23)
FN:149,(anonymous_24)
FN:150,(anonymous_25)
FN:153,(anonymous_26)
FN:159,(anonymous_27)
FN:167,(anonymous_28)
FN:168,(anonymous_29)
FN:171,(anonymous_30)
FN:175,(anonymous_31)
FNF:32
FNH:8
FNDA:7,(anonymous_0)
FNDA:0,(anonymous_1)
FNDA:0,(anonymous_2)
FNDA:0,(anonymous_3)
FNDA:0,(anonymous_4)
FNDA:0,(anonymous_5)
FNDA:0,(anonymous_6)
FNDA:0,(anonymous_7)
FNDA:0,(anonymous_8)
FNDA:1,(anonymous_9)
FNDA:1,(anonymous_10)
FNDA:0,(anonymous_11)
FNDA:0,(anonymous_12)
FNDA:1,(anonymous_13)
FNDA:0,(anonymous_14)
FNDA:0,(anonymous_15)
FNDA:5,(anonymous_16)
FNDA:5,(anonymous_17)
FNDA:0,(anonymous_18)
FNDA:0,(anonymous_19)
FNDA:2,(anonymous_20)
FNDA:2,(anonymous_21)
FNDA:0,(anonymous_22)
FNDA:0,(anonymous_23)
FNDA:0,(anonymous_24)
FNDA:0,(anonymous_25)
FNDA:0,(anonymous_26)
FNDA:0,(anonymous_27)
FNDA:0,(anonymous_28)
FNDA:0,(anonymous_29)
FNDA:0,(anonymous_30)
FNDA:0,(anonymous_31)
DA:8,7
DA:9,7
DA:10,7
DA:15,7
DA:16,0
DA:22,7
DA:23,0
DA:29,7
DA:30,0
DA:36,7
DA:37,0
DA:43,7
DA:44,0
DA:50,7
DA:51,0
DA:57,7
DA:58,0
DA:64,7
DA:65,0
DA:70,7
DA:71,1
DA:72,1
DA:74,1
DA:75,1
DA:77,0
DA:79,0
DA:80,0
DA:84,0
DA:85,0
DA:92,7
DA:93,1
DA:94,1
DA:99,7
DA:100,0
DA:101,0
DA:107,7
DA:108,0
DA:113,7
DA:114,5
DA:115,5
DA:117,5
DA:118,5
DA:120,0
DA:121,0
DA:122,0
DA:126,0
DA:127,0
DA:131,7
DA:132,2
DA:133,2
DA:134,2
DA:136,0
DA:137,0
DA:138,0
DA:139,0
DA:140,0
DA:143,0
DA:144,0
DA:145,0
DA:149,7
DA:150,0
DA:151,0
DA:152,0
DA:155,0
DA:157,0
DA:160,0
DA:161,0
DA:162,0
DA:167,7
DA:168,0
DA:169,0
DA:170,0
DA:172,0
DA:173,0
DA:176,0
DA:177,0
LF:76
LH:32
BRF:0
BRH:0
end_of_record
TN:
SF:src/action/index.ts
FNF:0
FNH:0
LF:0
LH:0
BRF:0
BRH:0
end_of_record
TN:
SF:src/middleware/index.ts
FNF:0
FNH:0
LF:0
LH:0
BRF:0
BRH:0
end_of_record
TN:
SF:src/middleware/thunkMiddleware.ts
FNF:0
FNH:0
DA:4,6
LF:1
LH:1
BRF:0
BRH:0
end_of_record
TN:
SF:src/reducer/index.ts
FNF:0
FNH:0
DA:5,4
LF:1
LH:1
BRF:0
BRH:0
end_of_record
TN:
SF:src/reducer/rootReducer.ts
FN:14,(anonymous_0)
FN:52,(anonymous_1)
FN:66,(anonymous_2)
FN:88,(anonymous_3)
FNF:4
FNH:2
FNDA:18,(anonymous_0)
FNDA:0,(anonymous_1)
FNDA:0,(anonymous_2)
FNDA:19,(anonymous_3)
DA:5,5
DA:14,5
DA:15,18
DA:17,4
DA:22,1
DA:29,0
DA:36,0
DA:43,0
DA:49,0
DA:52,0
DA:57,0
DA:63,0
DA:66,0
DA:70,0
DA:75,13
DA:78,5
DA:88,5
DA:90,19
DA:92,1
DA:97,1
DA:98,1
DA:99,1
DA:101,1
DA:102,1
DA:103,1
DA:113,1
DA:119,16
LF:27
LH:18
BRDA:14,0,0,12
BRDA:15,1,0,4
BRDA:15,1,1,1
BRDA:15,1,2,0
BRDA:15,1,3,0
BRDA:15,1,4,0
BRDA:15,1,5,0
BRDA:15,1,6,0
BRDA:15,1,7,0
BRDA:15,1,8,0
BRDA:15,1,9,13
BRDA:66,2,0,0
BRDA:66,2,1,0
BRDA:88,3,0,12
BRDA:90,4,0,1
BRDA:90,4,1,1
BRDA:90,4,2,1
BRDA:90,4,3,16
BRDA:98,5,0,1
BRDA:98,5,1,0
BRF:20
BRH:10
end_of_record
TN:
SF:src/reducer/state.ts
FNF:0
FNH:0
LF:0
LH:0
BRF:0
BRH:0
end_of_record
TN:
SF:src/store/index.ts
FNF:0
FNH:0
DA:6,4
LF:1
LH:1
BRF:0
BRH:0
end_of_record
